# JRE version: OpenJDK Runtime Environment Temurin-17.0.4+8 (17.0.4+8) (build 17.0.4+8)
# Java VM: OpenJDK 64-Bit Server VM Temurin-17.0.4+8 (17.0.4+8, mixed mode, tiered, compressed oops, compressed class ptrs, parallel gc, windows-amd64)
GC Precious Log:
 CPUs: 8 total, 8 available
 Memory: 16291M
 Large Page Support: Disabled
 NUMA Support: Disabled
 Compressed Oops: Enabled (32-bit)
 Alignments: Space 512K, Generation 512K, Heap 2M
 Heap Min Capacity: 100M
 Heap Initial Capacity: 100M
 Heap Max Capacity: 1G
 Pre-touch: Disabled
 Parallel Workers: 8
Heap:
 PSYoungGen      total 19968K, used 11677K [0x00000000eab00000, 0x00000000ec500000, 0x0000000100000000)
  eden space 19456K, 57% used [0x00000000eab00000,0x00000000eb5eb4f8,0x00000000ebe00000)
  from space 512K, 96% used [0x00000000ec300000,0x00000000ec37c010,0x00000000ec380000)
  to   space 1536K, 0% used [0x00000000ec380000,0x00000000ec380000,0x00000000ec500000)
 ParOldGen       total 68608K, used 63679K [0x00000000c0000000, 0x00000000c4300000, 0x00000000eab00000)
  object space 68608K, 92% used [0x00000000c0000000,0x00000000c3e2fc30,0x00000000c4300000)
 Metaspace       used 47127K, committed 47872K, reserved 1097728K
  class space    used 4485K, committed 4800K, reserved 1048576K
GC Heap History (20 events):
Event: 50.025 GC heap before
{Heap before GC invocations=118 (full 2):
 PSYoungGen      total 19968K, used 19793K [0x00000000eab00000, 0x00000000ec400000, 0x0000000100000000)
  eden space 19456K, 99% used [0x00000000eab00000,0x00000000ebddf838,0x00000000ebe00000)
  from space 512K, 91% used [0x00000000ec300000,0x00000000ec374c08,0x00000000ec380000)
  to   space 512K, 0% used [0x00000000ec380000,0x00000000ec380000,0x00000000ec400000)
 ParOldGen       total 68608K, used 60967K [0x00000000c0000000, 0x00000000c4300000, 0x00000000eab00000)
  object space 68608K, 88% used [0x00000000c0000000,0x00000000c3b89d80,0x00000000c4300000)
 Metaspace       used 46732K, committed 47424K, reserved 1097728K
  class space    used 4449K, committed 4736K, reserved 1048576K
}
Event: 50.027 GC heap after
{Heap after GC invocations=118 (full 2):
 PSYoungGen      total 19968K, used 128K [0x00000000eab00000, 0x00000000ec400000, 0x0000000100000000)
  eden space 19456K, 0% used [0x00000000eab00000,0x00000000eab00000,0x00000000ebe00000)
  from space 512K, 25% used [0x00000000ec380000,0x00000000ec3a0000,0x00000000ec400000)
  to   space 512K, 0% used [0x00000000ec300000,0x00000000ec300000,0x00000000ec380000)
 ParOldGen       total 68608K, used 60991K [0x00000000c0000000, 0x00000000c4300000, 0x00000000eab00000)
  object space 68608K, 88% used [0x00000000c0000000,0x00000000c3b8fd80,0x00000000c4300000)
 Metaspace       used 46732K, committed 47424K, reserved 1097728K
  class space    used 4449K, committed 4736K, reserved 1048576K
}
Event: 50.156 GC heap before
{Heap before GC invocations=119 (full 2):
 PSYoungGen      total 19968K, used 19584K [0x00000000eab00000, 0x00000000ec400000, 0x0000000100000000)
  eden space 19456K, 100% used [0x00000000eab00000,0x00000000ebe00000,0x00000000ebe00000)
  from space 512K, 25% used [0x00000000ec380000,0x00000000ec3a0000,0x00000000ec400000)
  to   space 512K, 0% used [0x00000000ec300000,0x00000000ec300000,0x00000000ec380000)
 ParOldGen       total 68608K, used 60991K [0x00000000c0000000, 0x00000000c4300000, 0x00000000eab00000)
  object space 68608K, 88% used [0x00000000c0000000,0x00000000c3b8fd80,0x00000000c4300000)
 Metaspace       used 46732K, committed 47424K, reserved 1097728K
  class space    used 4449K, committed 4736K, reserved 1048576K
}
Event: 50.160 GC heap after
{Heap after GC invocations=119 (full 2):
 PSYoungGen      total 19968K, used 435K [0x00000000eab00000, 0x00000000ec400000, 0x0000000100000000)
  eden space 19456K, 0% used [0x00000000eab00000,0x00000000eab00000,0x00000000ebe00000)
  from space 512K, 84% used [0x00000000ec300000,0x00000000ec36cc08,0x00000000ec380000)
  to   space 512K, 0% used [0x00000000ec380000,0x00000000ec380000,0x00000000ec400000)
 ParOldGen       total 68608K, used 61015K [0x00000000c0000000, 0x00000000c4300000, 0x00000000eab00000)
  object space 68608K, 88% used [0x00000000c0000000,0x00000000c3b95d80,0x00000000c4300000)
 Metaspace       used 46732K, committed 47424K, reserved 1097728K
  class space    used 4449K, committed 4736K, reserved 1048576K
}
Event: 50.236 GC heap before
{Heap before GC invocations=120 (full 2):
 PSYoungGen      total 19968K, used 19891K [0x00000000eab00000, 0x00000000ec400000, 0x0000000100000000)
  eden space 19456K, 100% used [0x00000000eab00000,0x00000000ebe00000,0x00000000ebe00000)
  from space 512K, 84% used [0x00000000ec300000,0x00000000ec36cc08,0x00000000ec380000)
  to   space 512K, 0% used [0x00000000ec380000,0x00000000ec380000,0x00000000ec400000)
 ParOldGen       total 68608K, used 61015K [0x00000000c0000000, 0x00000000c4300000, 0x00000000eab00000)
  object space 68608K, 88% used [0x00000000c0000000,0x00000000c3b95d80,0x00000000c4300000)
 Metaspace       used 46732K, committed 47424K, reserved 1097728K
  class space    used 4449K, committed 4736K, reserved 1048576K
}
Event: 50.237 GC heap after
{Heap after GC invocations=120 (full 2):
 PSYoungGen      total 19968K, used 419K [0x00000000eab00000, 0x00000000ec400000, 0x0000000100000000)
  eden space 19456K, 0% used [0x00000000eab00000,0x00000000eab00000,0x00000000ebe00000)
  from space 512K, 81% used [0x00000000ec380000,0x00000000ec3e8d28,0x00000000ec400000)
  to   space 512K, 0% used [0x00000000ec300000,0x00000000ec300000,0x00000000ec380000)
 ParOldGen       total 68608K, used 61047K [0x00000000c0000000, 0x00000000c4300000, 0x00000000eab00000)
  object space 68608K, 88% used [0x00000000c0000000,0x00000000c3b9dd80,0x00000000c4300000)
 Metaspace       used 46732K, committed 47424K, reserved 1097728K
  class space    used 4449K, committed 4736K, reserved 1048576K
}
Event: 50.314 GC heap before
{Heap before GC invocations=121 (full 2):
 PSYoungGen      total 19968K, used 19875K [0x00000000eab00000, 0x00000000ec400000, 0x0000000100000000)
  eden space 19456K, 100% used [0x00000000eab00000,0x00000000ebe00000,0x00000000ebe00000)
  from space 512K, 81% used [0x00000000ec380000,0x00000000ec3e8d28,0x00000000ec400000)
  to   space 512K, 0% used [0x00000000ec300000,0x00000000ec300000,0x00000000ec380000)
 ParOldGen       total 68608K, used 61047K [0x00000000c0000000, 0x00000000c4300000, 0x00000000eab00000)
  object space 68608K, 88% used [0x00000000c0000000,0x00000000c3b9dd80,0x00000000c4300000)
 Metaspace       used 46732K, committed 47424K, reserved 1097728K
  class space    used 4449K, committed 4736K, reserved 1048576K
}
Event: 50.315 GC heap after
{Heap after GC invocations=121 (full 2):
 PSYoungGen      total 19968K, used 371K [0x00000000eab00000, 0x00000000ec400000, 0x0000000100000000)
  eden space 19456K, 0% used [0x00000000eab00000,0x00000000eab00000,0x00000000ebe00000)
  from space 512K, 72% used [0x00000000ec300000,0x00000000ec35cc08,0x00000000ec380000)
  to   space 512K, 0% used [0x00000000ec380000,0x00000000ec380000,0x00000000ec400000)
 ParOldGen       total 68608K, used 61079K [0x00000000c0000000, 0x00000000c4300000, 0x00000000eab00000)
  object space 68608K, 89% used [0x00000000c0000000,0x00000000c3ba5d80,0x00000000c4300000)
 Metaspace       used 46732K, committed 47424K, reserved 1097728K
  class space    used 4449K, committed 4736K, reserved 1048576K
}
Event: 50.393 GC heap before
{Heap before GC invocations=122 (full 2):
 PSYoungGen      total 19968K, used 19827K [0x00000000eab00000, 0x00000000ec400000, 0x0000000100000000)
  eden space 19456K, 100% used [0x00000000eab00000,0x00000000ebe00000,0x00000000ebe00000)
  from space 512K, 72% used [0x00000000ec300000,0x00000000ec35cc08,0x00000000ec380000)
  to   space 512K, 0% used [0x00000000ec380000,0x00000000ec380000,0x00000000ec400000)
 ParOldGen       total 68608K, used 61079K [0x00000000c0000000, 0x00000000c4300000, 0x00000000eab00000)
  object space 68608K, 89% used [0x00000000c0000000,0x00000000c3ba5d80,0x00000000c4300000)
 Metaspace       used 46732K, committed 47424K, reserved 1097728K
  class space    used 4449K, committed 4736K, reserved 1048576K
}
Event: 50.395 GC heap after
{Heap after GC invocations=122 (full 2):
 PSYoungGen      total 19968K, used 339K [0x00000000eab00000, 0x00000000ec400000, 0x0000000100000000)
  eden space 19456K, 0% used [0x00000000eab00000,0x00000000eab00000,0x00000000ebe00000)
  from space 512K, 66% used [0x00000000ec380000,0x00000000ec3d4c08,0x00000000ec400000)
  to   space 512K, 0% used [0x00000000ec300000,0x00000000ec300000,0x00000000ec380000)
 ParOldGen       total 68608K, used 61103K [0x00000000c0000000, 0x00000000c4300000, 0x00000000eab00000)
  object space 68608K, 89% used [0x00000000c0000000,0x00000000c3babd80,0x00000000c4300000)
 Metaspace       used 46732K, committed 47424K, reserved 1097728K
  class space    used 4449K, committed 4736K, reserved 1048576K
}
Event: 50.516 GC heap before
{Heap before GC invocations=123 (full 2):
 PSYoungGen      total 19968K, used 19795K [0x00000000eab00000, 0x00000000ec400000, 0x0000000100000000)
  eden space 19456K, 100% used [0x00000000eab00000,0x00000000ebe00000,0x00000000ebe00000)
  from space 512K, 66% used [0x00000000ec380000,0x00000000ec3d4c08,0x00000000ec400000)
  to   space 512K, 0% used [0x00000000ec300000,0x00000000ec300000,0x00000000ec380000)
 ParOldGen       total 68608K, used 61103K [0x00000000c0000000, 0x00000000c4300000, 0x00000000eab00000)
  object space 68608K, 89% used [0x00000000c0000000,0x00000000c3babd80,0x00000000c4300000)
 Metaspace       used 46732K, committed 47424K, reserved 1097728K
  class space    used 4449K, committed 4736K, reserved 1048576K
}
Event: 50.517 GC heap after
{Heap after GC invocations=123 (full 2):
 PSYoungGen      total 19968K, used 403K [0x00000000eab00000, 0x00000000ec400000, 0x0000000100000000)
  eden space 19456K, 0% used [0x00000000eab00000,0x00000000eab00000,0x00000000ebe00000)
  from space 512K, 78% used [0x00000000ec300000,0x00000000ec364c08,0x00000000ec380000)
  to   space 512K, 0% used [0x00000000ec380000,0x00000000ec380000,0x00000000ec400000)
 ParOldGen       total 68608K, used 61127K [0x00000000c0000000, 0x00000000c4300000, 0x00000000eab00000)
  object space 68608K, 89% used [0x00000000c0000000,0x00000000c3bb1d80,0x00000000c4300000)
 Metaspace       used 46732K, committed 47424K, reserved 1097728K
  class space    used 4449K, committed 4736K, reserved 1048576K
}
Event: 50.630 GC heap before
{Heap before GC invocations=124 (full 2):
 PSYoungGen      total 19968K, used 19662K [0x00000000eab00000, 0x00000000ec400000, 0x0000000100000000)
  eden space 19456K, 98% used [0x00000000eab00000,0x00000000ebdcec80,0x00000000ebe00000)
  from space 512K, 78% used [0x00000000ec300000,0x00000000ec364c08,0x00000000ec380000)
  to   space 512K, 0% used [0x00000000ec380000,0x00000000ec380000,0x00000000ec400000)
 ParOldGen       total 68608K, used 61127K [0x00000000c0000000, 0x00000000c4300000, 0x00000000eab00000)
  object space 68608K, 89% used [0x00000000c0000000,0x00000000c3bb1d80,0x00000000c4300000)
 Metaspace       used 46732K, committed 47424K, reserved 1097728K
  class space    used 4449K, committed 4736K, reserved 1048576K
}
Event: 50.631 GC heap after
{Heap after GC invocations=124 (full 2):
 PSYoungGen      total 19968K, used 96K [0x00000000eab00000, 0x00000000ec400000, 0x0000000100000000)
  eden space 19456K, 0% used [0x00000000eab00000,0x00000000eab00000,0x00000000ebe00000)
  from space 512K, 18% used [0x00000000ec380000,0x00000000ec398000,0x00000000ec400000)
  to   space 512K, 0% used [0x00000000ec300000,0x00000000ec300000,0x00000000ec380000)
 ParOldGen       total 68608K, used 61151K [0x00000000c0000000, 0x00000000c4300000, 0x00000000eab00000)
  object space 68608K, 89% used [0x00000000c0000000,0x00000000c3bb7d80,0x00000000c4300000)
 Metaspace       used 46732K, committed 47424K, reserved 1097728K
  class space    used 4449K, committed 4736K, reserved 1048576K
}
Event: 50.706 GC heap before
{Heap before GC invocations=125 (full 2):
 PSYoungGen      total 19968K, used 19372K [0x00000000eab00000, 0x00000000ec400000, 0x0000000100000000)
  eden space 19456K, 99% used [0x00000000eab00000,0x00000000ebdd3028,0x00000000ebe00000)
  from space 512K, 18% used [0x00000000ec380000,0x00000000ec398000,0x00000000ec400000)
  to   space 512K, 0% used [0x00000000ec300000,0x00000000ec300000,0x00000000ec380000)
 ParOldGen       total 68608K, used 61151K [0x00000000c0000000, 0x00000000c4300000, 0x00000000eab00000)
  object space 68608K, 89% used [0x00000000c0000000,0x00000000c3bb7d80,0x00000000c4300000)
 Metaspace       used 46732K, committed 47424K, reserved 1097728K
  class space    used 4449K, committed 4736K, reserved 1048576K
}
Event: 50.710 GC heap after
{Heap after GC invocations=125 (full 2):
 PSYoungGen      total 19968K, used 128K [0x00000000eab00000, 0x00000000ec400000, 0x0000000100000000)
  eden space 19456K, 0% used [0x00000000eab00000,0x00000000eab00000,0x00000000ebe00000)
  from space 512K, 25% used [0x00000000ec300000,0x00000000ec320000,0x00000000ec380000)
  to   space 512K, 0% used [0x00000000ec380000,0x00000000ec380000,0x00000000ec400000)
 ParOldGen       total 68608K, used 61167K [0x00000000c0000000, 0x00000000c4300000, 0x00000000eab00000)
  object space 68608K, 89% used [0x00000000c0000000,0x00000000c3bbbd80,0x00000000c4300000)
 Metaspace       used 46732K, committed 47424K, reserved 1097728K
  class space    used 4449K, committed 4736K, reserved 1048576K
}
Event: 50.782 GC heap before
{Heap before GC invocations=126 (full 2):
 PSYoungGen      total 19968K, used 19584K [0x00000000eab00000, 0x00000000ec400000, 0x0000000100000000)
  eden space 19456K, 100% used [0x00000000eab00000,0x00000000ebe00000,0x00000000ebe00000)
  from space 512K, 25% used [0x00000000ec300000,0x00000000ec320000,0x00000000ec380000)
  to   space 512K, 0% used [0x00000000ec380000,0x00000000ec380000,0x00000000ec400000)
 ParOldGen       total 68608K, used 61167K [0x00000000c0000000, 0x00000000c4300000, 0x00000000eab00000)
  object space 68608K, 89% used [0x00000000c0000000,0x00000000c3bbbd80,0x00000000c4300000)
 Metaspace       used 46732K, committed 47424K, reserved 1097728K
  class space    used 4449K, committed 4736K, reserved 1048576K
}
Event: 50.785 GC heap after
{Heap after GC invocations=126 (full 2):
 PSYoungGen      total 19968K, used 435K [0x00000000eab00000, 0x00000000ec400000, 0x0000000100000000)
  eden space 19456K, 0% used [0x00000000eab00000,0x00000000eab00000,0x00000000ebe00000)
  from space 512K, 84% used [0x00000000ec380000,0x00000000ec3ecc08,0x00000000ec400000)
  to   space 512K, 0% used [0x00000000ec300000,0x00000000ec300000,0x00000000ec380000)
 ParOldGen       total 68608K, used 61191K [0x00000000c0000000, 0x00000000c4300000, 0x00000000eab00000)
  object space 68608K, 89% used [0x00000000c0000000,0x00000000c3bc1d80,0x00000000c4300000)
 Metaspace       used 46732K, committed 47424K, reserved 1097728K
  class space    used 4449K, committed 4736K, reserved 1048576K
}
Event: 55.155 GC heap before
{Heap before GC invocations=127 (full 2):
 PSYoungGen      total 19968K, used 19891K [0x00000000eab00000, 0x00000000ec400000, 0x0000000100000000)
  eden space 19456K, 100% used [0x00000000eab00000,0x00000000ebe00000,0x00000000ebe00000)
  from space 512K, 84% used [0x00000000ec380000,0x00000000ec3ecc08,0x00000000ec400000)
  to   space 512K, 0% used [0x00000000ec300000,0x00000000ec300000,0x00000000ec380000)
 ParOldGen       total 68608K, used 61191K [0x00000000c0000000, 0x00000000c4300000, 0x00000000eab00000)
  object space 68608K, 89% used [0x00000000c0000000,0x00000000c3bc1d80,0x00000000c4300000)
 Metaspace       used 47114K, committed 47808K, reserved 1097728K
  class space    used 4485K, committed 4800K, reserved 1048576K
}
Event: 55.157 GC heap after
{Heap after GC invocations=127 (full 2):
 PSYoungGen      total 19968K, used 496K [0x00000000eab00000, 0x00000000ec500000, 0x0000000100000000)
  eden space 19456K, 0% used [0x00000000eab00000,0x00000000eab00000,0x00000000ebe00000)
  from space 512K, 96% used [0x00000000ec300000,0x00000000ec37c010,0x00000000ec380000)
  to   space 1536K, 0% used [0x00000000ec380000,0x00000000ec380000,0x00000000ec500000)
 ParOldGen       total 68608K, used 63679K [0x00000000c0000000, 0x00000000c4300000, 0x00000000eab00000)
  object space 68608K, 92% used [0x00000000c0000000,0x00000000c3e2fc30,0x00000000c4300000)
 Metaspace       used 47114K, committed 47808K, reserved 1097728K
  class space    used 4485K, committed 4800K, reserved 1048576K
}

