# JRE version: OpenJDK Runtime Environment Temurin-17.0.4+8 (17.0.4+8) (build 17.0.4+8)
# Java VM: OpenJDK 64-Bit Server VM Temurin-17.0.4+8 (17.0.4+8, mixed mode, tiered, compressed oops, compressed class ptrs, parallel gc, windows-amd64)
GC Precious Log:
 CPUs: 8 total, 8 available
 Memory: 16291M
 Large Page Support: Disabled
 NUMA Support: Disabled
 Compressed Oops: Enabled (32-bit)
 Alignments: Space 512K, Generation 512K, Heap 2M
 Heap Min Capacity: 100M
 Heap Initial Capacity: 100M
 Heap Max Capacity: 1G
 Pre-touch: Disabled
 Parallel Workers: 8
Heap:
 PSYoungGen      total 15360K, used 1252K [0x00000000eab00000, 0x00000000ebc80000, 0x0000000100000000)
  eden space 14848K, 6% used [0x00000000eab00000,0x00000000eabf1250,0x00000000eb980000)
  from space 512K, 56% used [0x00000000ebc00000,0x00000000ebc48000,0x00000000ebc80000)
  to   space 1024K, 0% used [0x00000000eba80000,0x00000000eba80000,0x00000000ebb80000)
 ParOldGen       total 68608K, used 47729K [0x00000000c0000000, 0x00000000c4300000, 0x00000000eab00000)
  object space 68608K, 69% used [0x00000000c0000000,0x00000000c2e9c640,0x00000000c4300000)
 Metaspace       used 46281K, committed 46976K, reserved 1097728K
  class space    used 4469K, committed 4800K, reserved 1048576K
GC Heap History (20 events):
Event: 25.231 GC heap before
{Heap before GC invocations=68 (full 2):
 PSYoungGen      total 17920K, used 17356K [0x00000000eab00000, 0x00000000ebd80000, 0x0000000100000000)
  eden space 16896K, 100% used [0x00000000eab00000,0x00000000ebb80000,0x00000000ebb80000)
  from space 1024K, 44% used [0x00000000ebb80000,0x00000000ebbf32a0,0x00000000ebc80000)
  to   space 1024K, 0% used [0x00000000ebc80000,0x00000000ebc80000,0x00000000ebd80000)
 ParOldGen       total 68608K, used 41207K [0x00000000c0000000, 0x00000000c4300000, 0x00000000eab00000)
  object space 68608K, 60% used [0x00000000c0000000,0x00000000c283dc10,0x00000000c4300000)
 Metaspace       used 45417K, committed 46208K, reserved 1097728K
  class space    used 4422K, committed 4800K, reserved 1048576K
}
Event: 25.235 GC heap after
{Heap after GC invocations=68 (full 2):
 PSYoungGen      total 16384K, used 1011K [0x00000000eab00000, 0x00000000ec080000, 0x0000000100000000)
  eden space 15360K, 0% used [0x00000000eab00000,0x00000000eab00000,0x00000000eba00000)
  from space 1024K, 98% used [0x00000000ebc80000,0x00000000ebd7cc08,0x00000000ebd80000)
  to   space 2560K, 0% used [0x00000000eba00000,0x00000000eba00000,0x00000000ebc80000)
 ParOldGen       total 68608K, used 42229K [0x00000000c0000000, 0x00000000c4300000, 0x00000000eab00000)
  object space 68608K, 61% used [0x00000000c0000000,0x00000000c293d6c0,0x00000000c4300000)
 Metaspace       used 45417K, committed 46208K, reserved 1097728K
  class space    used 4422K, committed 4800K, reserved 1048576K
}
Event: 25.364 GC heap before
{Heap before GC invocations=69 (full 2):
 PSYoungGen      total 16384K, used 16345K [0x00000000eab00000, 0x00000000ec080000, 0x0000000100000000)
  eden space 15360K, 99% used [0x00000000eab00000,0x00000000eb9f9be8,0x00000000eba00000)
  from space 1024K, 98% used [0x00000000ebc80000,0x00000000ebd7cc08,0x00000000ebd80000)
  to   space 2560K, 0% used [0x00000000eba00000,0x00000000eba00000,0x00000000ebc80000)
 ParOldGen       total 68608K, used 42229K [0x00000000c0000000, 0x00000000c4300000, 0x00000000eab00000)
  object space 68608K, 61% used [0x00000000c0000000,0x00000000c293d6c0,0x00000000c4300000)
 Metaspace       used 45579K, committed 46336K, reserved 1097728K
  class space    used 4429K, committed 4800K, reserved 1048576K
}
Event: 25.366 GC heap after
{Heap after GC invocations=69 (full 2):
 PSYoungGen      total 16384K, used 896K [0x00000000eab00000, 0x00000000ebd00000, 0x0000000100000000)
  eden space 15360K, 0% used [0x00000000eab00000,0x00000000eab00000,0x00000000eba00000)
  from space 1024K, 87% used [0x00000000eba00000,0x00000000ebae0010,0x00000000ebb00000)
  to   space 1536K, 0% used [0x00000000ebb80000,0x00000000ebb80000,0x00000000ebd00000)
 ParOldGen       total 68608K, used 42877K [0x00000000c0000000, 0x00000000c4300000, 0x00000000eab00000)
  object space 68608K, 62% used [0x00000000c0000000,0x00000000c29df6c0,0x00000000c4300000)
 Metaspace       used 45579K, committed 46336K, reserved 1097728K
  class space    used 4429K, committed 4800K, reserved 1048576K
}
Event: 25.442 GC heap before
{Heap before GC invocations=70 (full 2):
 PSYoungGen      total 16384K, used 16256K [0x00000000eab00000, 0x00000000ebd00000, 0x0000000100000000)
  eden space 15360K, 100% used [0x00000000eab00000,0x00000000eba00000,0x00000000eba00000)
  from space 1024K, 87% used [0x00000000eba00000,0x00000000ebae0010,0x00000000ebb00000)
  to   space 1536K, 0% used [0x00000000ebb80000,0x00000000ebb80000,0x00000000ebd00000)
 ParOldGen       total 68608K, used 42877K [0x00000000c0000000, 0x00000000c4300000, 0x00000000eab00000)
  object space 68608K, 62% used [0x00000000c0000000,0x00000000c29df6c0,0x00000000c4300000)
 Metaspace       used 45618K, committed 46400K, reserved 1097728K
  class space    used 4429K, committed 4800K, reserved 1048576K
}
Event: 25.448 GC heap after
{Heap after GC invocations=70 (full 2):
 PSYoungGen      total 16384K, used 1483K [0x00000000eab00000, 0x00000000ebe00000, 0x0000000100000000)
  eden space 14848K, 0% used [0x00000000eab00000,0x00000000eab00000,0x00000000eb980000)
  from space 1536K, 96% used [0x00000000ebb80000,0x00000000ebcf2dc0,0x00000000ebd00000)
  to   space 2048K, 0% used [0x00000000eb980000,0x00000000eb980000,0x00000000ebb80000)
 ParOldGen       total 68608K, used 43621K [0x00000000c0000000, 0x00000000c4300000, 0x00000000eab00000)
  object space 68608K, 63% used [0x00000000c0000000,0x00000000c2a996c0,0x00000000c4300000)
 Metaspace       used 45618K, committed 46400K, reserved 1097728K
  class space    used 4429K, committed 4800K, reserved 1048576K
}
Event: 25.500 GC heap before
{Heap before GC invocations=71 (full 2):
 PSYoungGen      total 16384K, used 16149K [0x00000000eab00000, 0x00000000ebe00000, 0x0000000100000000)
  eden space 14848K, 98% used [0x00000000eab00000,0x00000000eb9526b0,0x00000000eb980000)
  from space 1536K, 96% used [0x00000000ebb80000,0x00000000ebcf2dc0,0x00000000ebd00000)
  to   space 2048K, 0% used [0x00000000eb980000,0x00000000eb980000,0x00000000ebb80000)
 ParOldGen       total 68608K, used 43621K [0x00000000c0000000, 0x00000000c4300000, 0x00000000eab00000)
  object space 68608K, 63% used [0x00000000c0000000,0x00000000c2a996c0,0x00000000c4300000)
 Metaspace       used 45764K, committed 46528K, reserved 1097728K
  class space    used 4436K, committed 4800K, reserved 1048576K
}
Event: 25.503 GC heap after
{Heap after GC invocations=71 (full 2):
 PSYoungGen      total 15872K, used 640K [0x00000000eab00000, 0x00000000ebc00000, 0x0000000100000000)
  eden space 14848K, 0% used [0x00000000eab00000,0x00000000eab00000,0x00000000eb980000)
  from space 1024K, 62% used [0x00000000eb980000,0x00000000eba20000,0x00000000eba80000)
  to   space 1024K, 0% used [0x00000000ebb00000,0x00000000ebb00000,0x00000000ebc00000)
 ParOldGen       total 68608K, used 44701K [0x00000000c0000000, 0x00000000c4300000, 0x00000000eab00000)
  object space 68608K, 65% used [0x00000000c0000000,0x00000000c2ba76e0,0x00000000c4300000)
 Metaspace       used 45764K, committed 46528K, reserved 1097728K
  class space    used 4436K, committed 4800K, reserved 1048576K
}
Event: 25.575 GC heap before
{Heap before GC invocations=72 (full 2):
 PSYoungGen      total 15872K, used 15440K [0x00000000eab00000, 0x00000000ebc00000, 0x0000000100000000)
  eden space 14848K, 99% used [0x00000000eab00000,0x00000000eb9743c8,0x00000000eb980000)
  from space 1024K, 62% used [0x00000000eb980000,0x00000000eba20000,0x00000000eba80000)
  to   space 1024K, 0% used [0x00000000ebb00000,0x00000000ebb00000,0x00000000ebc00000)
 ParOldGen       total 68608K, used 44701K [0x00000000c0000000, 0x00000000c4300000, 0x00000000eab00000)
  object space 68608K, 65% used [0x00000000c0000000,0x00000000c2ba76e0,0x00000000c4300000)
 Metaspace       used 45936K, committed 46656K, reserved 1097728K
  class space    used 4445K, committed 4800K, reserved 1048576K
}
Event: 25.580 GC heap after
{Heap after GC invocations=72 (full 2):
 PSYoungGen      total 15360K, used 160K [0x00000000eab00000, 0x00000000ebb80000, 0x0000000100000000)
  eden space 14848K, 0% used [0x00000000eab00000,0x00000000eab00000,0x00000000eb980000)
  from space 512K, 31% used [0x00000000ebb00000,0x00000000ebb28000,0x00000000ebb80000)
  to   space 512K, 0% used [0x00000000eba80000,0x00000000eba80000,0x00000000ebb00000)
 ParOldGen       total 68608K, used 45193K [0x00000000c0000000, 0x00000000c4300000, 0x00000000eab00000)
  object space 68608K, 65% used [0x00000000c0000000,0x00000000c2c22710,0x00000000c4300000)
 Metaspace       used 45936K, committed 46656K, reserved 1097728K
  class space    used 4445K, committed 4800K, reserved 1048576K
}
Event: 25.638 GC heap before
{Heap before GC invocations=73 (full 2):
 PSYoungGen      total 15360K, used 15002K [0x00000000eab00000, 0x00000000ebb80000, 0x0000000100000000)
  eden space 14848K, 99% used [0x00000000eab00000,0x00000000eb97ea60,0x00000000eb980000)
  from space 512K, 31% used [0x00000000ebb00000,0x00000000ebb28000,0x00000000ebb80000)
  to   space 512K, 0% used [0x00000000eba80000,0x00000000eba80000,0x00000000ebb00000)
 ParOldGen       total 68608K, used 45193K [0x00000000c0000000, 0x00000000c4300000, 0x00000000eab00000)
  object space 68608K, 65% used [0x00000000c0000000,0x00000000c2c22710,0x00000000c4300000)
 Metaspace       used 46056K, committed 46784K, reserved 1097728K
  class space    used 4458K, committed 4800K, reserved 1048576K
}
Event: 25.639 GC heap after
{Heap after GC invocations=73 (full 2):
 PSYoungGen      total 15360K, used 467K [0x00000000eab00000, 0x00000000ebb80000, 0x0000000100000000)
  eden space 14848K, 0% used [0x00000000eab00000,0x00000000eab00000,0x00000000eb980000)
  from space 512K, 91% used [0x00000000eba80000,0x00000000ebaf4c08,0x00000000ebb00000)
  to   space 512K, 0% used [0x00000000ebb00000,0x00000000ebb00000,0x00000000ebb80000)
 ParOldGen       total 68608K, used 45265K [0x00000000c0000000, 0x00000000c4300000, 0x00000000eab00000)
  object space 68608K, 65% used [0x00000000c0000000,0x00000000c2c34710,0x00000000c4300000)
 Metaspace       used 46056K, committed 46784K, reserved 1097728K
  class space    used 4458K, committed 4800K, reserved 1048576K
}
Event: 25.732 GC heap before
{Heap before GC invocations=74 (full 2):
 PSYoungGen      total 15360K, used 15315K [0x00000000eab00000, 0x00000000ebb80000, 0x0000000100000000)
  eden space 14848K, 100% used [0x00000000eab00000,0x00000000eb980000,0x00000000eb980000)
  from space 512K, 91% used [0x00000000eba80000,0x00000000ebaf4c08,0x00000000ebb00000)
  to   space 512K, 0% used [0x00000000ebb00000,0x00000000ebb00000,0x00000000ebb80000)
 ParOldGen       total 68608K, used 45265K [0x00000000c0000000, 0x00000000c4300000, 0x00000000eab00000)
  object space 68608K, 65% used [0x00000000c0000000,0x00000000c2c34710,0x00000000c4300000)
 Metaspace       used 46111K, committed 46848K, reserved 1097728K
  class space    used 4462K, committed 4800K, reserved 1048576K
}
Event: 25.736 GC heap after
{Heap after GC invocations=74 (full 2):
 PSYoungGen      total 15360K, used 499K [0x00000000eab00000, 0x00000000ebb80000, 0x0000000100000000)
  eden space 14848K, 0% used [0x00000000eab00000,0x00000000eab00000,0x00000000eb980000)
  from space 512K, 97% used [0x00000000ebb00000,0x00000000ebb7cc08,0x00000000ebb80000)
  to   space 1024K, 0% used [0x00000000eb980000,0x00000000eb980000,0x00000000eba80000)
 ParOldGen       total 68608K, used 45510K [0x00000000c0000000, 0x00000000c4300000, 0x00000000eab00000)
  object space 68608K, 66% used [0x00000000c0000000,0x00000000c2c71bb0,0x00000000c4300000)
 Metaspace       used 46111K, committed 46848K, reserved 1097728K
  class space    used 4462K, committed 4800K, reserved 1048576K
}
Event: 25.797 GC heap before
{Heap before GC invocations=75 (full 2):
 PSYoungGen      total 15360K, used 15347K [0x00000000eab00000, 0x00000000ebb80000, 0x0000000100000000)
  eden space 14848K, 100% used [0x00000000eab00000,0x00000000eb980000,0x00000000eb980000)
  from space 512K, 97% used [0x00000000ebb00000,0x00000000ebb7cc08,0x00000000ebb80000)
  to   space 1024K, 0% used [0x00000000eb980000,0x00000000eb980000,0x00000000eba80000)
 ParOldGen       total 68608K, used 45510K [0x00000000c0000000, 0x00000000c4300000, 0x00000000eab00000)
  object space 68608K, 66% used [0x00000000c0000000,0x00000000c2c71bb0,0x00000000c4300000)
 Metaspace       used 46176K, committed 46912K, reserved 1097728K
  class space    used 4467K, committed 4800K, reserved 1048576K
}
Event: 25.798 GC heap after
{Heap after GC invocations=75 (full 2):
 PSYoungGen      total 15872K, used 723K [0x00000000eab00000, 0x00000000ebb80000, 0x0000000100000000)
  eden space 14848K, 0% used [0x00000000eab00000,0x00000000eab00000,0x00000000eb980000)
  from space 1024K, 70% used [0x00000000eb980000,0x00000000eba34c08,0x00000000eba80000)
  to   space 1024K, 0% used [0x00000000eba80000,0x00000000eba80000,0x00000000ebb80000)
 ParOldGen       total 68608K, used 45633K [0x00000000c0000000, 0x00000000c4300000, 0x00000000eab00000)
  object space 68608K, 66% used [0x00000000c0000000,0x00000000c2c90600,0x00000000c4300000)
 Metaspace       used 46176K, committed 46912K, reserved 1097728K
  class space    used 4467K, committed 4800K, reserved 1048576K
}
Event: 25.860 GC heap before
{Heap before GC invocations=76 (full 2):
 PSYoungGen      total 15872K, used 15381K [0x00000000eab00000, 0x00000000ebb80000, 0x0000000100000000)
  eden space 14848K, 98% used [0x00000000eab00000,0x00000000eb950ab0,0x00000000eb980000)
  from space 1024K, 70% used [0x00000000eb980000,0x00000000eba34c08,0x00000000eba80000)
  to   space 1024K, 0% used [0x00000000eba80000,0x00000000eba80000,0x00000000ebb80000)
 ParOldGen       total 68608K, used 45633K [0x00000000c0000000, 0x00000000c4300000, 0x00000000eab00000)
  object space 68608K, 66% used [0x00000000c0000000,0x00000000c2c90600,0x00000000c4300000)
 Metaspace       used 46188K, committed 46912K, reserved 1097728K
  class space    used 4468K, committed 4800K, reserved 1048576K
}
Event: 25.862 GC heap after
{Heap after GC invocations=76 (full 2):
 PSYoungGen      total 15872K, used 814K [0x00000000eab00000, 0x00000000ebb80000, 0x0000000100000000)
  eden space 14848K, 0% used [0x00000000eab00000,0x00000000eab00000,0x00000000eb980000)
  from space 1024K, 79% used [0x00000000eba80000,0x00000000ebb4b968,0x00000000ebb80000)
  to   space 1024K, 0% used [0x00000000eb980000,0x00000000eb980000,0x00000000eba80000)
 ParOldGen       total 68608K, used 45897K [0x00000000c0000000, 0x00000000c4300000, 0x00000000eab00000)
  object space 68608K, 66% used [0x00000000c0000000,0x00000000c2cd2600,0x00000000c4300000)
 Metaspace       used 46188K, committed 46912K, reserved 1097728K
  class space    used 4468K, committed 4800K, reserved 1048576K
}
Event: 25.932 GC heap before
{Heap before GC invocations=77 (full 2):
 PSYoungGen      total 15872K, used 15662K [0x00000000eab00000, 0x00000000ebb80000, 0x0000000100000000)
  eden space 14848K, 100% used [0x00000000eab00000,0x00000000eb980000,0x00000000eb980000)
  from space 1024K, 79% used [0x00000000eba80000,0x00000000ebb4b968,0x00000000ebb80000)
  to   space 1024K, 0% used [0x00000000eb980000,0x00000000eb980000,0x00000000eba80000)
 ParOldGen       total 68608K, used 45897K [0x00000000c0000000, 0x00000000c4300000, 0x00000000eab00000)
  object space 68608K, 66% used [0x00000000c0000000,0x00000000c2cd2600,0x00000000c4300000)
 Metaspace       used 46200K, committed 46912K, reserved 1097728K
  class space    used 4468K, committed 4800K, reserved 1048576K
}
Event: 25.936 GC heap after
{Heap after GC invocations=77 (full 2):
 PSYoungGen      total 15872K, used 1011K [0x00000000eab00000, 0x00000000ebe80000, 0x0000000100000000)
  eden space 14848K, 0% used [0x00000000eab00000,0x00000000eab00000,0x00000000eb980000)
  from space 1024K, 98% used [0x00000000eb980000,0x00000000eba7cc28,0x00000000eba80000)
  to   space 2560K, 0% used [0x00000000ebc00000,0x00000000ebc00000,0x00000000ebe80000)
 ParOldGen       total 68608K, used 46953K [0x00000000c0000000, 0x00000000c4300000, 0x00000000eab00000)
  object space 68608K, 68% used [0x00000000c0000000,0x00000000c2dda620,0x00000000c4300000)
 Metaspace       used 46200K, committed 46912K, reserved 1097728K
  class space    used 4468K, committed 4800K, reserved 1048576K
}

