# JRE version: OpenJDK Runtime Environment Temurin-17.0.4+8 (17.0.4+8) (build 17.0.4+8)
# Java VM: OpenJDK 64-Bit Server VM Temurin-17.0.4+8 (17.0.4+8, mixed mode, tiered, compressed oops, compressed class ptrs, parallel gc, windows-amd64)
GC Precious Log:
 CPUs: 8 total, 8 available
 Memory: 16291M
 Large Page Support: Disabled
 NUMA Support: Disabled
 Compressed Oops: Enabled (32-bit)
 Alignments: Space 512K, Generation 512K, Heap 2M
 Heap Min Capacity: 100M
 Heap Initial Capacity: 100M
 Heap Max Capacity: 1G
 Pre-touch: Disabled
 Parallel Workers: 8
Heap:
 PSYoungGen      total 19968K, used 12619K [0x00000000eab00000, 0x00000000ec100000, 0x0000000100000000)
  eden space 17408K, 59% used [0x00000000eab00000,0x00000000eb50a370,0x00000000ebc00000)
  from space 2560K, 91% used [0x00000000ebc80000,0x00000000ebec88f8,0x00000000ebf00000)
  to   space 2048K, 0% used [0x00000000ebf00000,0x00000000ebf00000,0x00000000ec100000)
 ParOldGen       total 68608K, used 51468K [0x00000000c0000000, 0x00000000c4300000, 0x00000000eab00000)
  object space 68608K, 75% used [0x00000000c0000000,0x00000000c32433d0,0x00000000c4300000)
 Metaspace       used 58449K, committed 59456K, reserved 1105920K
  class space    used 6118K, committed 6528K, reserved 1048576K
GC Heap History (20 events):
Event: 31.584 GC heap before
{Heap before GC invocations=40 (full 2):
 PSYoungGen      total 17920K, used 17871K [0x00000000eab00000, 0x00000000ebe80000, 0x0000000100000000)
  eden space 17408K, 100% used [0x00000000eab00000,0x00000000ebc00000,0x00000000ebc00000)
  from space 512K, 90% used [0x00000000ebd80000,0x00000000ebdf3ee0,0x00000000ebe00000)
  to   space 512K, 0% used [0x00000000ebe00000,0x00000000ebe00000,0x00000000ebe80000)
 ParOldGen       total 68608K, used 43207K [0x00000000c0000000, 0x00000000c4300000, 0x00000000eab00000)
  object space 68608K, 62% used [0x00000000c0000000,0x00000000c2a31d08,0x00000000c4300000)
 Metaspace       used 55774K, committed 56704K, reserved 1105920K
  class space    used 5869K, committed 6272K, reserved 1048576K
}
Event: 31.584 GC heap after
{Heap after GC invocations=40 (full 2):
 PSYoungGen      total 17920K, used 256K [0x00000000eab00000, 0x00000000ebe80000, 0x0000000100000000)
  eden space 17408K, 0% used [0x00000000eab00000,0x00000000eab00000,0x00000000ebc00000)
  from space 512K, 50% used [0x00000000ebe00000,0x00000000ebe40000,0x00000000ebe80000)
  to   space 512K, 0% used [0x00000000ebd80000,0x00000000ebd80000,0x00000000ebe00000)
 ParOldGen       total 68608K, used 43319K [0x00000000c0000000, 0x00000000c4300000, 0x00000000eab00000)
  object space 68608K, 63% used [0x00000000c0000000,0x00000000c2a4dd08,0x00000000c4300000)
 Metaspace       used 55774K, committed 56704K, reserved 1105920K
  class space    used 5869K, committed 6272K, reserved 1048576K
}
Event: 32.328 GC heap before
{Heap before GC invocations=41 (full 2):
 PSYoungGen      total 17920K, used 17664K [0x00000000eab00000, 0x00000000ebe80000, 0x0000000100000000)
  eden space 17408K, 100% used [0x00000000eab00000,0x00000000ebc00000,0x00000000ebc00000)
  from space 512K, 50% used [0x00000000ebe00000,0x00000000ebe40000,0x00000000ebe80000)
  to   space 512K, 0% used [0x00000000ebd80000,0x00000000ebd80000,0x00000000ebe00000)
 ParOldGen       total 68608K, used 43319K [0x00000000c0000000, 0x00000000c4300000, 0x00000000eab00000)
  object space 68608K, 63% used [0x00000000c0000000,0x00000000c2a4dd08,0x00000000c4300000)
 Metaspace       used 55774K, committed 56704K, reserved 1105920K
  class space    used 5869K, committed 6272K, reserved 1048576K
}
Event: 32.328 GC heap after
{Heap after GC invocations=41 (full 2):
 PSYoungGen      total 17920K, used 303K [0x00000000eab00000, 0x00000000ebe80000, 0x0000000100000000)
  eden space 17408K, 0% used [0x00000000eab00000,0x00000000eab00000,0x00000000ebc00000)
  from space 512K, 59% used [0x00000000ebd80000,0x00000000ebdcbcd0,0x00000000ebe00000)
  to   space 512K, 0% used [0x00000000ebe00000,0x00000000ebe00000,0x00000000ebe80000)
 ParOldGen       total 68608K, used 43455K [0x00000000c0000000, 0x00000000c4300000, 0x00000000eab00000)
  object space 68608K, 63% used [0x00000000c0000000,0x00000000c2a6fd08,0x00000000c4300000)
 Metaspace       used 55774K, committed 56704K, reserved 1105920K
  class space    used 5869K, committed 6272K, reserved 1048576K
}
Event: 32.991 GC heap before
{Heap before GC invocations=42 (full 2):
 PSYoungGen      total 17920K, used 17711K [0x00000000eab00000, 0x00000000ebe80000, 0x0000000100000000)
  eden space 17408K, 100% used [0x00000000eab00000,0x00000000ebc00000,0x00000000ebc00000)
  from space 512K, 59% used [0x00000000ebd80000,0x00000000ebdcbcd0,0x00000000ebe00000)
  to   space 512K, 0% used [0x00000000ebe00000,0x00000000ebe00000,0x00000000ebe80000)
 ParOldGen       total 68608K, used 43455K [0x00000000c0000000, 0x00000000c4300000, 0x00000000eab00000)
  object space 68608K, 63% used [0x00000000c0000000,0x00000000c2a6fd08,0x00000000c4300000)
 Metaspace       used 55777K, committed 56704K, reserved 1105920K
  class space    used 5869K, committed 6272K, reserved 1048576K
}
Event: 32.992 GC heap after
{Heap after GC invocations=42 (full 2):
 PSYoungGen      total 17920K, used 501K [0x00000000eab00000, 0x00000000ebe80000, 0x0000000100000000)
  eden space 17408K, 0% used [0x00000000eab00000,0x00000000eab00000,0x00000000ebc00000)
  from space 512K, 97% used [0x00000000ebe00000,0x00000000ebe7d480,0x00000000ebe80000)
  to   space 1024K, 0% used [0x00000000ebc80000,0x00000000ebc80000,0x00000000ebd80000)
 ParOldGen       total 68608K, used 43543K [0x00000000c0000000, 0x00000000c4300000, 0x00000000eab00000)
  object space 68608K, 63% used [0x00000000c0000000,0x00000000c2a85d08,0x00000000c4300000)
 Metaspace       used 55777K, committed 56704K, reserved 1105920K
  class space    used 5869K, committed 6272K, reserved 1048576K
}
Event: 33.188 GC heap before
{Heap before GC invocations=43 (full 2):
 PSYoungGen      total 17920K, used 17909K [0x00000000eab00000, 0x00000000ebe80000, 0x0000000100000000)
  eden space 17408K, 100% used [0x00000000eab00000,0x00000000ebc00000,0x00000000ebc00000)
  from space 512K, 97% used [0x00000000ebe00000,0x00000000ebe7d480,0x00000000ebe80000)
  to   space 1024K, 0% used [0x00000000ebc80000,0x00000000ebc80000,0x00000000ebd80000)
 ParOldGen       total 68608K, used 43543K [0x00000000c0000000, 0x00000000c4300000, 0x00000000eab00000)
  object space 68608K, 63% used [0x00000000c0000000,0x00000000c2a85d08,0x00000000c4300000)
 Metaspace       used 56206K, committed 57216K, reserved 1105920K
  class space    used 5921K, committed 6336K, reserved 1048576K
}
Event: 33.190 GC heap after
{Heap after GC invocations=43 (full 2):
 PSYoungGen      total 18432K, used 1010K [0x00000000eab00000, 0x00000000ebf00000, 0x0000000100000000)
  eden space 17408K, 0% used [0x00000000eab00000,0x00000000eab00000,0x00000000ebc00000)
  from space 1024K, 98% used [0x00000000ebc80000,0x00000000ebd7c800,0x00000000ebd80000)
  to   space 1536K, 0% used [0x00000000ebd80000,0x00000000ebd80000,0x00000000ebf00000)
 ParOldGen       total 68608K, used 43895K [0x00000000c0000000, 0x00000000c4300000, 0x00000000eab00000)
  object space 68608K, 63% used [0x00000000c0000000,0x00000000c2addd68,0x00000000c4300000)
 Metaspace       used 56206K, committed 57216K, reserved 1105920K
  class space    used 5921K, committed 6336K, reserved 1048576K
}
Event: 33.206 GC heap before
{Heap before GC invocations=44 (full 2):
 PSYoungGen      total 18432K, used 18418K [0x00000000eab00000, 0x00000000ebf00000, 0x0000000100000000)
  eden space 17408K, 100% used [0x00000000eab00000,0x00000000ebc00000,0x00000000ebc00000)
  from space 1024K, 98% used [0x00000000ebc80000,0x00000000ebd7c800,0x00000000ebd80000)
  to   space 1536K, 0% used [0x00000000ebd80000,0x00000000ebd80000,0x00000000ebf00000)
 ParOldGen       total 68608K, used 43895K [0x00000000c0000000, 0x00000000c4300000, 0x00000000eab00000)
  object space 68608K, 63% used [0x00000000c0000000,0x00000000c2addd68,0x00000000c4300000)
 Metaspace       used 56228K, committed 57216K, reserved 1105920K
  class space    used 5922K, committed 6336K, reserved 1048576K
}
Event: 33.207 GC heap after
{Heap after GC invocations=44 (full 2):
 PSYoungGen      total 18432K, used 832K [0x00000000eab00000, 0x00000000ebe80000, 0x0000000100000000)
  eden space 17408K, 0% used [0x00000000eab00000,0x00000000eab00000,0x00000000ebc00000)
  from space 1024K, 81% used [0x00000000ebd80000,0x00000000ebe50000,0x00000000ebe80000)
  to   space 1024K, 0% used [0x00000000ebc80000,0x00000000ebc80000,0x00000000ebd80000)
 ParOldGen       total 68608K, used 44645K [0x00000000c0000000, 0x00000000c4300000, 0x00000000eab00000)
  object space 68608K, 65% used [0x00000000c0000000,0x00000000c2b99788,0x00000000c4300000)
 Metaspace       used 56228K, committed 57216K, reserved 1105920K
  class space    used 5922K, committed 6336K, reserved 1048576K
}
Event: 33.228 GC heap before
{Heap before GC invocations=45 (full 2):
 PSYoungGen      total 18432K, used 18240K [0x00000000eab00000, 0x00000000ebe80000, 0x0000000100000000)
  eden space 17408K, 100% used [0x00000000eab00000,0x00000000ebc00000,0x00000000ebc00000)
  from space 1024K, 81% used [0x00000000ebd80000,0x00000000ebe50000,0x00000000ebe80000)
  to   space 1024K, 0% used [0x00000000ebc80000,0x00000000ebc80000,0x00000000ebd80000)
 ParOldGen       total 68608K, used 44645K [0x00000000c0000000, 0x00000000c4300000, 0x00000000eab00000)
  object space 68608K, 65% used [0x00000000c0000000,0x00000000c2b99788,0x00000000c4300000)
 Metaspace       used 56304K, committed 57344K, reserved 1105920K
  class space    used 5931K, committed 6400K, reserved 1048576K
}
Event: 33.230 GC heap after
{Heap after GC invocations=45 (full 2):
 PSYoungGen      total 18432K, used 1024K [0x00000000eab00000, 0x00000000ec000000, 0x0000000100000000)
  eden space 17408K, 0% used [0x00000000eab00000,0x00000000eab00000,0x00000000ebc00000)
  from space 1024K, 100% used [0x00000000ebc80000,0x00000000ebd80000,0x00000000ebd80000)
  to   space 2048K, 0% used [0x00000000ebe00000,0x00000000ebe00000,0x00000000ec000000)
 ParOldGen       total 68608K, used 45356K [0x00000000c0000000, 0x00000000c4300000, 0x00000000eab00000)
  object space 68608K, 66% used [0x00000000c0000000,0x00000000c2c4b230,0x00000000c4300000)
 Metaspace       used 56304K, committed 57344K, reserved 1105920K
  class space    used 5931K, committed 6400K, reserved 1048576K
}
Event: 33.326 GC heap before
{Heap before GC invocations=46 (full 2):
 PSYoungGen      total 18432K, used 18432K [0x00000000eab00000, 0x00000000ec000000, 0x0000000100000000)
  eden space 17408K, 100% used [0x00000000eab00000,0x00000000ebc00000,0x00000000ebc00000)
  from space 1024K, 100% used [0x00000000ebc80000,0x00000000ebd80000,0x00000000ebd80000)
  to   space 2048K, 0% used [0x00000000ebe00000,0x00000000ebe00000,0x00000000ec000000)
 ParOldGen       total 68608K, used 45356K [0x00000000c0000000, 0x00000000c4300000, 0x00000000eab00000)
  object space 68608K, 66% used [0x00000000c0000000,0x00000000c2c4b230,0x00000000c4300000)
 Metaspace       used 56847K, committed 57856K, reserved 1105920K
  class space    used 5991K, committed 6400K, reserved 1048576K
}
Event: 33.331 GC heap after
{Heap after GC invocations=46 (full 2):
 PSYoungGen      total 19456K, used 1616K [0x00000000eab00000, 0x00000000ec000000, 0x0000000100000000)
  eden space 17408K, 0% used [0x00000000eab00000,0x00000000eab00000,0x00000000ebc00000)
  from space 2048K, 78% used [0x00000000ebe00000,0x00000000ebf94040,0x00000000ec000000)
  to   space 2048K, 0% used [0x00000000ebc00000,0x00000000ebc00000,0x00000000ebe00000)
 ParOldGen       total 68608K, used 46364K [0x00000000c0000000, 0x00000000c4300000, 0x00000000eab00000)
  object space 68608K, 67% used [0x00000000c0000000,0x00000000c2d47230,0x00000000c4300000)
 Metaspace       used 56847K, committed 57856K, reserved 1105920K
  class space    used 5991K, committed 6400K, reserved 1048576K
}
Event: 33.492 GC heap before
{Heap before GC invocations=47 (full 2):
 PSYoungGen      total 19456K, used 19024K [0x00000000eab00000, 0x00000000ec000000, 0x0000000100000000)
  eden space 17408K, 100% used [0x00000000eab00000,0x00000000ebc00000,0x00000000ebc00000)
  from space 2048K, 78% used [0x00000000ebe00000,0x00000000ebf94040,0x00000000ec000000)
  to   space 2048K, 0% used [0x00000000ebc00000,0x00000000ebc00000,0x00000000ebe00000)
 ParOldGen       total 68608K, used 46364K [0x00000000c0000000, 0x00000000c4300000, 0x00000000eab00000)
  object space 68608K, 67% used [0x00000000c0000000,0x00000000c2d47230,0x00000000c4300000)
 Metaspace       used 57117K, committed 58112K, reserved 1105920K
  class space    used 6013K, committed 6464K, reserved 1048576K
}
Event: 33.498 GC heap after
{Heap after GC invocations=47 (full 2):
 PSYoungGen      total 19456K, used 2040K [0x00000000eab00000, 0x00000000ec400000, 0x0000000100000000)
  eden space 17408K, 0% used [0x00000000eab00000,0x00000000eab00000,0x00000000ebc00000)
  from space 2048K, 99% used [0x00000000ebc00000,0x00000000ebdfe290,0x00000000ebe00000)
  to   space 4096K, 0% used [0x00000000ec000000,0x00000000ec000000,0x00000000ec400000)
 ParOldGen       total 68608K, used 47922K [0x00000000c0000000, 0x00000000c4300000, 0x00000000eab00000)
  object space 68608K, 69% used [0x00000000c0000000,0x00000000c2ecca08,0x00000000c4300000)
 Metaspace       used 57117K, committed 58112K, reserved 1105920K
  class space    used 6013K, committed 6464K, reserved 1048576K
}
Event: 33.600 GC heap before
{Heap before GC invocations=48 (full 2):
 PSYoungGen      total 19456K, used 19448K [0x00000000eab00000, 0x00000000ec400000, 0x0000000100000000)
  eden space 17408K, 100% used [0x00000000eab00000,0x00000000ebc00000,0x00000000ebc00000)
  from space 2048K, 99% used [0x00000000ebc00000,0x00000000ebdfe290,0x00000000ebe00000)
  to   space 4096K, 0% used [0x00000000ec000000,0x00000000ec000000,0x00000000ec400000)
 ParOldGen       total 68608K, used 47922K [0x00000000c0000000, 0x00000000c4300000, 0x00000000eab00000)
  object space 68608K, 69% used [0x00000000c0000000,0x00000000c2ecca08,0x00000000c4300000)
 Metaspace       used 57188K, committed 58176K, reserved 1105920K
  class space    used 6015K, committed 6464K, reserved 1048576K
}
Event: 33.605 GC heap after
{Heap after GC invocations=48 (full 2):
 PSYoungGen      total 19968K, used 2462K [0x00000000eab00000, 0x00000000ec280000, 0x0000000100000000)
  eden space 17408K, 0% used [0x00000000eab00000,0x00000000eab00000,0x00000000ebc00000)
  from space 2560K, 96% used [0x00000000ec000000,0x00000000ec267a40,0x00000000ec280000)
  to   space 3072K, 0% used [0x00000000ebc80000,0x00000000ebc80000,0x00000000ebf80000)
 ParOldGen       total 68608K, used 49844K [0x00000000c0000000, 0x00000000c4300000, 0x00000000eab00000)
  object space 68608K, 72% used [0x00000000c0000000,0x00000000c30ad1b0,0x00000000c4300000)
 Metaspace       used 57188K, committed 58176K, reserved 1105920K
  class space    used 6015K, committed 6464K, reserved 1048576K
}
Event: 33.905 GC heap before
{Heap before GC invocations=49 (full 2):
 PSYoungGen      total 19968K, used 19870K [0x00000000eab00000, 0x00000000ec280000, 0x0000000100000000)
  eden space 17408K, 100% used [0x00000000eab00000,0x00000000ebc00000,0x00000000ebc00000)
  from space 2560K, 96% used [0x00000000ec000000,0x00000000ec267a40,0x00000000ec280000)
  to   space 3072K, 0% used [0x00000000ebc80000,0x00000000ebc80000,0x00000000ebf80000)
 ParOldGen       total 68608K, used 49844K [0x00000000c0000000, 0x00000000c4300000, 0x00000000eab00000)
  object space 68608K, 72% used [0x00000000c0000000,0x00000000c30ad1b0,0x00000000c4300000)
 Metaspace       used 58198K, committed 59264K, reserved 1105920K
  class space    used 6101K, committed 6528K, reserved 1048576K
}
Event: 33.909 GC heap after
{Heap after GC invocations=49 (full 2):
 PSYoungGen      total 19968K, used 2338K [0x00000000eab00000, 0x00000000ec100000, 0x0000000100000000)
  eden space 17408K, 0% used [0x00000000eab00000,0x00000000eab00000,0x00000000ebc00000)
  from space 2560K, 91% used [0x00000000ebc80000,0x00000000ebec88f8,0x00000000ebf00000)
  to   space 2048K, 0% used [0x00000000ebf00000,0x00000000ebf00000,0x00000000ec100000)
 ParOldGen       total 68608K, used 51468K [0x00000000c0000000, 0x00000000c4300000, 0x00000000eab00000)
  object space 68608K, 75% used [0x00000000c0000000,0x00000000c32433d0,0x00000000c4300000)
 Metaspace       used 58198K, committed 59264K, reserved 1105920K
  class space    used 6101K, committed 6528K, reserved 1048576K
}

