# JRE version: OpenJDK Runtime Environment Temurin-17.0.4+8 (17.0.4+8) (build 17.0.4+8)
# Java VM: OpenJDK 64-Bit Server VM Temurin-17.0.4+8 (17.0.4+8, mixed mode, tiered, compressed oops, compressed class ptrs, parallel gc, windows-amd64)
GC Precious Log:
 CPUs: 8 total, 8 available
 Memory: 16291M
 Large Page Support: Disabled
 NUMA Support: Disabled
 Compressed Oops: Enabled (32-bit)
 Alignments: Space 512K, Generation 512K, Heap 2M
 Heap Min Capacity: 100M
 Heap Initial Capacity: 100M
 Heap Max Capacity: 1G
 Pre-touch: Disabled
 Parallel Workers: 8
Heap:
 PSYoungGen      total 23552K, used 1684K [0x00000000eab00000, 0x00000000ec680000, 0x0000000100000000)
  eden space 23040K, 5% used [0x00000000eab00000,0x00000000eac253c0,0x00000000ec180000)
  from space 512K, 100% used [0x00000000ec600000,0x00000000ec680000,0x00000000ec680000)
  to   space 1536K, 0% used [0x00000000ec380000,0x00000000ec380000,0x00000000ec500000)
 ParOldGen       total 68608K, used 13706K [0x00000000c0000000, 0x00000000c4300000, 0x00000000eab00000)
  object space 68608K, 19% used [0x00000000c0000000,0x00000000c0d628e0,0x00000000c4300000)
 Metaspace       used 38603K, committed 39360K, reserved 1089536K
  class space    used 4049K, committed 4352K, reserved 1048576K
GC Heap History (20 events):
Event: 2.944 GC heap before
{Heap before GC invocations=6 (full 1):
 PSYoungGen      total 29696K, used 4075K [0x00000000eab00000, 0x00000000ecf00000, 0x0000000100000000)
  eden space 25600K, 0% used [0x00000000eab00000,0x00000000eab00000,0x00000000ec400000)
  from space 4096K, 99% used [0x00000000ec400000,0x00000000ec7fad60,0x00000000ec800000)
  to   space 5632K, 0% used [0x00000000ec980000,0x00000000ec980000,0x00000000ecf00000)
 ParOldGen       total 68608K, used 7991K [0x00000000c0000000, 0x00000000c4300000, 0x00000000eab00000)
  object space 68608K, 11% used [0x00000000c0000000,0x00000000c07cdc00,0x00000000c4300000)
 Metaspace       used 21068K, committed 21504K, reserved 1073152K
  class space    used 2120K, committed 2368K, reserved 1048576K
}
Event: 2.974 GC heap after
{Heap after GC invocations=6 (full 1):
 PSYoungGen      total 29696K, used 0K [0x00000000eab00000, 0x00000000ecf00000, 0x0000000100000000)
  eden space 25600K, 0% used [0x00000000eab00000,0x00000000eab00000,0x00000000ec400000)
  from space 4096K, 0% used [0x00000000ec400000,0x00000000ec400000,0x00000000ec800000)
  to   space 5632K, 0% used [0x00000000ec980000,0x00000000ec980000,0x00000000ecf00000)
 ParOldGen       total 68608K, used 11533K [0x00000000c0000000, 0x00000000c4300000, 0x00000000eab00000)
  object space 68608K, 16% used [0x00000000c0000000,0x00000000c0b435c0,0x00000000c4300000)
 Metaspace       used 21055K, committed 21504K, reserved 1073152K
  class space    used 2116K, committed 2368K, reserved 1048576K
}
Event: 3.417 GC heap before
{Heap before GC invocations=7 (full 1):
 PSYoungGen      total 29696K, used 25600K [0x00000000eab00000, 0x00000000ecf00000, 0x0000000100000000)
  eden space 25600K, 100% used [0x00000000eab00000,0x00000000ec400000,0x00000000ec400000)
  from space 4096K, 0% used [0x00000000ec400000,0x00000000ec400000,0x00000000ec800000)
  to   space 5632K, 0% used [0x00000000ec980000,0x00000000ec980000,0x00000000ecf00000)
 ParOldGen       total 68608K, used 11533K [0x00000000c0000000, 0x00000000c4300000, 0x00000000eab00000)
  object space 68608K, 16% used [0x00000000c0000000,0x00000000c0b435c0,0x00000000c4300000)
 Metaspace       used 24180K, committed 24832K, reserved 1073152K
  class space    used 2500K, committed 2816K, reserved 1048576K
}
Event: 3.419 GC heap after
{Heap after GC invocations=7 (full 1):
 PSYoungGen      total 27136K, used 2045K [0x00000000eab00000, 0x00000000ecb80000, 0x0000000100000000)
  eden space 25088K, 0% used [0x00000000eab00000,0x00000000eab00000,0x00000000ec380000)
  from space 2048K, 99% used [0x00000000ec980000,0x00000000ecb7f530,0x00000000ecb80000)
  to   space 3072K, 0% used [0x00000000ec580000,0x00000000ec580000,0x00000000ec880000)
 ParOldGen       total 68608K, used 11541K [0x00000000c0000000, 0x00000000c4300000, 0x00000000eab00000)
  object space 68608K, 16% used [0x00000000c0000000,0x00000000c0b455c0,0x00000000c4300000)
 Metaspace       used 24180K, committed 24832K, reserved 1073152K
  class space    used 2500K, committed 2816K, reserved 1048576K
}
Event: 3.671 GC heap before
{Heap before GC invocations=8 (full 1):
 PSYoungGen      total 27136K, used 27133K [0x00000000eab00000, 0x00000000ecb80000, 0x0000000100000000)
  eden space 25088K, 100% used [0x00000000eab00000,0x00000000ec380000,0x00000000ec380000)
  from space 2048K, 99% used [0x00000000ec980000,0x00000000ecb7f530,0x00000000ecb80000)
  to   space 3072K, 0% used [0x00000000ec580000,0x00000000ec580000,0x00000000ec880000)
 ParOldGen       total 68608K, used 11541K [0x00000000c0000000, 0x00000000c4300000, 0x00000000eab00000)
  object space 68608K, 16% used [0x00000000c0000000,0x00000000c0b455c0,0x00000000c4300000)
 Metaspace       used 27276K, committed 27904K, reserved 1081344K
  class space    used 2705K, committed 3008K, reserved 1048576K
}
Event: 3.673 GC heap after
{Heap after GC invocations=8 (full 1):
 PSYoungGen      total 27136K, used 2517K [0x00000000eab00000, 0x00000000eca00000, 0x0000000100000000)
  eden space 24576K, 0% used [0x00000000eab00000,0x00000000eab00000,0x00000000ec300000)
  from space 2560K, 98% used [0x00000000ec580000,0x00000000ec7f5540,0x00000000ec800000)
  to   space 2048K, 0% used [0x00000000ec800000,0x00000000ec800000,0x00000000eca00000)
 ParOldGen       total 68608K, used 11549K [0x00000000c0000000, 0x00000000c4300000, 0x00000000eab00000)
  object space 68608K, 16% used [0x00000000c0000000,0x00000000c0b475c0,0x00000000c4300000)
 Metaspace       used 27276K, committed 27904K, reserved 1081344K
  class space    used 2705K, committed 3008K, reserved 1048576K
}
Event: 3.889 GC heap before
{Heap before GC invocations=9 (full 1):
 PSYoungGen      total 27136K, used 27093K [0x00000000eab00000, 0x00000000eca00000, 0x0000000100000000)
  eden space 24576K, 100% used [0x00000000eab00000,0x00000000ec300000,0x00000000ec300000)
  from space 2560K, 98% used [0x00000000ec580000,0x00000000ec7f5540,0x00000000ec800000)
  to   space 2048K, 0% used [0x00000000ec800000,0x00000000ec800000,0x00000000eca00000)
 ParOldGen       total 68608K, used 11549K [0x00000000c0000000, 0x00000000c4300000, 0x00000000eab00000)
  object space 68608K, 16% used [0x00000000c0000000,0x00000000c0b475c0,0x00000000c4300000)
 Metaspace       used 29790K, committed 30464K, reserved 1081344K
  class space    used 2900K, committed 3200K, reserved 1048576K
}
Event: 3.891 GC heap after
{Heap after GC invocations=9 (full 1):
 PSYoungGen      total 26112K, used 2037K [0x00000000eab00000, 0x00000000eca00000, 0x0000000100000000)
  eden space 24064K, 0% used [0x00000000eab00000,0x00000000eab00000,0x00000000ec280000)
  from space 2048K, 99% used [0x00000000ec800000,0x00000000ec9fd540,0x00000000eca00000)
  to   space 3072K, 0% used [0x00000000ec400000,0x00000000ec400000,0x00000000ec700000)
 ParOldGen       total 68608K, used 12401K [0x00000000c0000000, 0x00000000c4300000, 0x00000000eab00000)
  object space 68608K, 18% used [0x00000000c0000000,0x00000000c0c1c478,0x00000000c4300000)
 Metaspace       used 29790K, committed 30464K, reserved 1081344K
  class space    used 2900K, committed 3200K, reserved 1048576K
}
Event: 4.525 GC heap before
{Heap before GC invocations=10 (full 1):
 PSYoungGen      total 26112K, used 26101K [0x00000000eab00000, 0x00000000eca00000, 0x0000000100000000)
  eden space 24064K, 100% used [0x00000000eab00000,0x00000000ec280000,0x00000000ec280000)
  from space 2048K, 99% used [0x00000000ec800000,0x00000000ec9fd540,0x00000000eca00000)
  to   space 3072K, 0% used [0x00000000ec400000,0x00000000ec400000,0x00000000ec700000)
 ParOldGen       total 68608K, used 12401K [0x00000000c0000000, 0x00000000c4300000, 0x00000000eab00000)
  object space 68608K, 18% used [0x00000000c0000000,0x00000000c0c1c478,0x00000000c4300000)
 Metaspace       used 33874K, committed 34624K, reserved 1081344K
  class space    used 3400K, committed 3712K, reserved 1048576K
}
Event: 4.528 GC heap after
{Heap after GC invocations=10 (full 1):
 PSYoungGen      total 26112K, used 2098K [0x00000000eab00000, 0x00000000ec880000, 0x0000000100000000)
  eden space 23552K, 0% used [0x00000000eab00000,0x00000000eab00000,0x00000000ec200000)
  from space 2560K, 81% used [0x00000000ec400000,0x00000000ec60c880,0x00000000ec680000)
  to   space 2048K, 0% used [0x00000000ec680000,0x00000000ec680000,0x00000000ec880000)
 ParOldGen       total 68608K, used 13938K [0x00000000c0000000, 0x00000000c4300000, 0x00000000eab00000)
  object space 68608K, 20% used [0x00000000c0000000,0x00000000c0d9cb40,0x00000000c4300000)
 Metaspace       used 33874K, committed 34624K, reserved 1081344K
  class space    used 3400K, committed 3712K, reserved 1048576K
}
Event: 4.609 GC heap before
{Heap before GC invocations=11 (full 1):
 PSYoungGen      total 26112K, used 10244K [0x00000000eab00000, 0x00000000ec880000, 0x0000000100000000)
  eden space 23552K, 34% used [0x00000000eab00000,0x00000000eb2f4ad0,0x00000000ec200000)
  from space 2560K, 81% used [0x00000000ec400000,0x00000000ec60c880,0x00000000ec680000)
  to   space 2048K, 0% used [0x00000000ec680000,0x00000000ec680000,0x00000000ec880000)
 ParOldGen       total 68608K, used 13938K [0x00000000c0000000, 0x00000000c4300000, 0x00000000eab00000)
  object space 68608K, 20% used [0x00000000c0000000,0x00000000c0d9cb40,0x00000000c4300000)
 Metaspace       used 35160K, committed 35904K, reserved 1081344K
  class space    used 3567K, committed 3840K, reserved 1048576K
}
Event: 4.611 GC heap after
{Heap after GC invocations=11 (full 1):
 PSYoungGen      total 25600K, used 1749K [0x00000000eab00000, 0x00000000ec880000, 0x0000000100000000)
  eden space 23552K, 0% used [0x00000000eab00000,0x00000000eab00000,0x00000000ec200000)
  from space 2048K, 85% used [0x00000000ec680000,0x00000000ec8356a0,0x00000000ec880000)
  to   space 2048K, 0% used [0x00000000ec480000,0x00000000ec480000,0x00000000ec680000)
 ParOldGen       total 68608K, used 14454K [0x00000000c0000000, 0x00000000c4300000, 0x00000000eab00000)
  object space 68608K, 21% used [0x00000000c0000000,0x00000000c0e1d800,0x00000000c4300000)
 Metaspace       used 35160K, committed 35904K, reserved 1081344K
  class space    used 3567K, committed 3840K, reserved 1048576K
}
Event: 4.625 GC heap before
{Heap before GC invocations=12 (full 1):
 PSYoungGen      total 25600K, used 3356K [0x00000000eab00000, 0x00000000ec880000, 0x0000000100000000)
  eden space 23552K, 6% used [0x00000000eab00000,0x00000000eac91998,0x00000000ec200000)
  from space 2048K, 85% used [0x00000000ec680000,0x00000000ec8356a0,0x00000000ec880000)
  to   space 2048K, 0% used [0x00000000ec480000,0x00000000ec480000,0x00000000ec680000)
 ParOldGen       total 68608K, used 14454K [0x00000000c0000000, 0x00000000c4300000, 0x00000000eab00000)
  object space 68608K, 21% used [0x00000000c0000000,0x00000000c0e1d800,0x00000000c4300000)
 Metaspace       used 35382K, committed 36224K, reserved 1081344K
  class space    used 3603K, committed 3968K, reserved 1048576K
}
Event: 4.627 GC heap after
{Heap after GC invocations=12 (full 1):
 PSYoungGen      total 24064K, used 224K [0x00000000eab00000, 0x00000000ec700000, 0x0000000100000000)
  eden space 23552K, 0% used [0x00000000eab00000,0x00000000eab00000,0x00000000ec200000)
  from space 512K, 43% used [0x00000000ec480000,0x00000000ec4b8000,0x00000000ec500000)
  to   space 1024K, 0% used [0x00000000ec600000,0x00000000ec600000,0x00000000ec700000)
 ParOldGen       total 68608K, used 16115K [0x00000000c0000000, 0x00000000c4300000, 0x00000000eab00000)
  object space 68608K, 23% used [0x00000000c0000000,0x00000000c0fbcff8,0x00000000c4300000)
 Metaspace       used 35382K, committed 36224K, reserved 1081344K
  class space    used 3603K, committed 3968K, reserved 1048576K
}
Event: 4.658 GC heap before
{Heap before GC invocations=13 (full 1):
 PSYoungGen      total 24064K, used 3034K [0x00000000eab00000, 0x00000000ec700000, 0x0000000100000000)
  eden space 23552K, 11% used [0x00000000eab00000,0x00000000eadbeba8,0x00000000ec200000)
  from space 512K, 43% used [0x00000000ec480000,0x00000000ec4b8000,0x00000000ec500000)
  to   space 1024K, 0% used [0x00000000ec600000,0x00000000ec600000,0x00000000ec700000)
 ParOldGen       total 68608K, used 16115K [0x00000000c0000000, 0x00000000c4300000, 0x00000000eab00000)
  object space 68608K, 23% used [0x00000000c0000000,0x00000000c0fbcff8,0x00000000c4300000)
 Metaspace       used 35786K, committed 36544K, reserved 1089536K
  class space    used 3667K, committed 3968K, reserved 1048576K
}
Event: 4.658 GC heap after
{Heap after GC invocations=13 (full 1):
 PSYoungGen      total 24064K, used 256K [0x00000000eab00000, 0x00000000ec680000, 0x0000000100000000)
  eden space 23552K, 0% used [0x00000000eab00000,0x00000000eab00000,0x00000000ec200000)
  from space 512K, 50% used [0x00000000ec600000,0x00000000ec640000,0x00000000ec680000)
  to   space 512K, 0% used [0x00000000ec480000,0x00000000ec480000,0x00000000ec500000)
 ParOldGen       total 68608K, used 16216K [0x00000000c0000000, 0x00000000c4300000, 0x00000000eab00000)
  object space 68608K, 23% used [0x00000000c0000000,0x00000000c0fd6080,0x00000000c4300000)
 Metaspace       used 35786K, committed 36544K, reserved 1089536K
  class space    used 3667K, committed 3968K, reserved 1048576K
}
Event: 4.685 GC heap before
{Heap before GC invocations=14 (full 1):
 PSYoungGen      total 24064K, used 2995K [0x00000000eab00000, 0x00000000ec680000, 0x0000000100000000)
  eden space 23552K, 11% used [0x00000000eab00000,0x00000000eadacf50,0x00000000ec200000)
  from space 512K, 50% used [0x00000000ec600000,0x00000000ec640000,0x00000000ec680000)
  to   space 512K, 0% used [0x00000000ec480000,0x00000000ec480000,0x00000000ec500000)
 ParOldGen       total 68608K, used 16216K [0x00000000c0000000, 0x00000000c4300000, 0x00000000eab00000)
  object space 68608K, 23% used [0x00000000c0000000,0x00000000c0fd6080,0x00000000c4300000)
 Metaspace       used 36075K, committed 36800K, reserved 1089536K
  class space    used 3716K, committed 4032K, reserved 1048576K
}
Event: 4.686 GC heap after
{Heap after GC invocations=14 (full 1):
 PSYoungGen      total 24064K, used 256K [0x00000000eab00000, 0x00000000ec680000, 0x0000000100000000)
  eden space 23552K, 0% used [0x00000000eab00000,0x00000000eab00000,0x00000000ec200000)
  from space 512K, 50% used [0x00000000ec480000,0x00000000ec4c0000,0x00000000ec500000)
  to   space 512K, 0% used [0x00000000ec600000,0x00000000ec600000,0x00000000ec680000)
 ParOldGen       total 68608K, used 16344K [0x00000000c0000000, 0x00000000c4300000, 0x00000000eab00000)
  object space 68608K, 23% used [0x00000000c0000000,0x00000000c0ff6080,0x00000000c4300000)
 Metaspace       used 36075K, committed 36800K, reserved 1089536K
  class space    used 3716K, committed 4032K, reserved 1048576K
}
Event: 4.686 GC heap before
{Heap before GC invocations=15 (full 2):
 PSYoungGen      total 24064K, used 256K [0x00000000eab00000, 0x00000000ec680000, 0x0000000100000000)
  eden space 23552K, 0% used [0x00000000eab00000,0x00000000eab00000,0x00000000ec200000)
  from space 512K, 50% used [0x00000000ec480000,0x00000000ec4c0000,0x00000000ec500000)
  to   space 512K, 0% used [0x00000000ec600000,0x00000000ec600000,0x00000000ec680000)
 ParOldGen       total 68608K, used 16344K [0x00000000c0000000, 0x00000000c4300000, 0x00000000eab00000)
  object space 68608K, 23% used [0x00000000c0000000,0x00000000c0ff6080,0x00000000c4300000)
 Metaspace       used 36075K, committed 36800K, reserved 1089536K
  class space    used 3716K, committed 4032K, reserved 1048576K
}
Event: 4.720 GC heap after
{Heap after GC invocations=15 (full 2):
 PSYoungGen      total 24064K, used 0K [0x00000000eab00000, 0x00000000ec680000, 0x0000000100000000)
  eden space 23552K, 0% used [0x00000000eab00000,0x00000000eab00000,0x00000000ec200000)
  from space 512K, 0% used [0x00000000ec480000,0x00000000ec480000,0x00000000ec500000)
  to   space 512K, 0% used [0x00000000ec600000,0x00000000ec600000,0x00000000ec680000)
 ParOldGen       total 68608K, used 13155K [0x00000000c0000000, 0x00000000c4300000, 0x00000000eab00000)
  object space 68608K, 19% used [0x00000000c0000000,0x00000000c0cd8ca8,0x00000000c4300000)
 Metaspace       used 36075K, committed 36800K, reserved 1089536K
  class space    used 3716K, committed 4032K, reserved 1048576K
}

