# JRE version: OpenJDK Runtime Environment Temurin-17.0.4+8 (17.0.4+8) (build 17.0.4+8)
# Java VM: OpenJDK 64-Bit Server VM Temurin-17.0.4+8 (17.0.4+8, mixed mode, tiered, compressed oops, compressed class ptrs, parallel gc, windows-amd64)
GC Precious Log:
 CPUs: 8 total, 8 available
 Memory: 16291M
 Large Page Support: Disabled
 NUMA Support: Disabled
 Compressed Oops: Enabled (32-bit)
 Alignments: Space 512K, Generation 512K, Heap 2M
 Heap Min Capacity: 100M
 Heap Initial Capacity: 100M
 Heap Max Capacity: 1G
 Pre-touch: Disabled
 Parallel Workers: 8
Heap:
 PSYoungGen      total 18944K, used 15337K [0x00000000eab00000, 0x00000000ec400000, 0x0000000100000000)
  eden space 16384K, 78% used [0x00000000eab00000,0x00000000eb77ed88,0x00000000ebb00000)
  from space 2560K, 99% used [0x00000000ebb00000,0x00000000ebd7b908,0x00000000ebd80000)
  to   space 4608K, 0% used [0x00000000ebf80000,0x00000000ebf80000,0x00000000ec400000)
 ParOldGen       total 91136K, used 68061K [0x00000000c0000000, 0x00000000c5900000, 0x00000000eab00000)
  object space 91136K, 74% used [0x00000000c0000000,0x00000000c4277650,0x00000000c5900000)
 Metaspace       used 72664K, committed 73856K, reserved 1122304K
  class space    used 7384K, committed 8000K, reserved 1048576K
GC Heap History (20 events):
Event: 51.612 GC heap before
{Heap before GC invocations=61 (full 4):
 PSYoungGen      total 20992K, used 20990K [0x00000000eab00000, 0x00000000ec800000, 0x0000000100000000)
  eden space 16384K, 100% used [0x00000000eab00000,0x00000000ebb00000,0x00000000ebb00000)
  from space 4608K, 99% used [0x00000000ebb80000,0x00000000ebfff928,0x00000000ec000000)
  to   space 6656K, 0% used [0x00000000ec180000,0x00000000ec180000,0x00000000ec800000)
 ParOldGen       total 83456K, used 80612K [0x00000000c0000000, 0x00000000c5180000, 0x00000000eab00000)
  object space 83456K, 96% used [0x00000000c0000000,0x00000000c4eb90c8,0x00000000c5180000)
 Metaspace       used 69413K, committed 70528K, reserved 1114112K
  class space    used 7015K, committed 7552K, reserved 1048576K
}
Event: 51.617 GC heap after
{Heap after GC invocations=61 (full 4):
 PSYoungGen      total 19456K, used 3001K [0x00000000eab00000, 0x00000000ec480000, 0x0000000100000000)
  eden space 16384K, 0% used [0x00000000eab00000,0x00000000eab00000,0x00000000ebb00000)
  from space 3072K, 97% used [0x00000000ec180000,0x00000000ec46e660,0x00000000ec480000)
  to   space 4608K, 0% used [0x00000000ebb80000,0x00000000ebb80000,0x00000000ec000000)
 ParOldGen       total 83456K, used 82368K [0x00000000c0000000, 0x00000000c5180000, 0x00000000eab00000)
  object space 83456K, 98% used [0x00000000c0000000,0x00000000c5070340,0x00000000c5180000)
 Metaspace       used 69413K, committed 70528K, reserved 1114112K
  class space    used 7015K, committed 7552K, reserved 1048576K
}
Event: 51.617 GC heap before
{Heap before GC invocations=62 (full 5):
 PSYoungGen      total 19456K, used 3001K [0x00000000eab00000, 0x00000000ec480000, 0x0000000100000000)
  eden space 16384K, 0% used [0x00000000eab00000,0x00000000eab00000,0x00000000ebb00000)
  from space 3072K, 97% used [0x00000000ec180000,0x00000000ec46e660,0x00000000ec480000)
  to   space 4608K, 0% used [0x00000000ebb80000,0x00000000ebb80000,0x00000000ec000000)
 ParOldGen       total 83456K, used 82368K [0x00000000c0000000, 0x00000000c5180000, 0x00000000eab00000)
  object space 83456K, 98% used [0x00000000c0000000,0x00000000c5070340,0x00000000c5180000)
 Metaspace       used 69413K, committed 70528K, reserved 1114112K
  class space    used 7015K, committed 7552K, reserved 1048576K
}
Event: 51.731 GC heap after
{Heap after GC invocations=62 (full 5):
 PSYoungGen      total 16896K, used 0K [0x00000000eab00000, 0x00000000ec400000, 0x0000000100000000)
  eden space 16384K, 0% used [0x00000000eab00000,0x00000000eab00000,0x00000000ebb00000)
  from space 512K, 0% used [0x00000000ebb80000,0x00000000ebb80000,0x00000000ebc00000)
  to   space 4608K, 0% used [0x00000000ebf80000,0x00000000ebf80000,0x00000000ec400000)
 ParOldGen       total 91136K, used 64609K [0x00000000c0000000, 0x00000000c5900000, 0x00000000eab00000)
  object space 91136K, 70% used [0x00000000c0000000,0x00000000c3f18670,0x00000000c5900000)
 Metaspace       used 69413K, committed 70528K, reserved 1114112K
  class space    used 7015K, committed 7552K, reserved 1048576K
}
Event: 51.881 GC heap before
{Heap before GC invocations=63 (full 5):
 PSYoungGen      total 16896K, used 16384K [0x00000000eab00000, 0x00000000ec400000, 0x0000000100000000)
  eden space 16384K, 100% used [0x00000000eab00000,0x00000000ebb00000,0x00000000ebb00000)
  from space 512K, 0% used [0x00000000ebb80000,0x00000000ebb80000,0x00000000ebc00000)
  to   space 4608K, 0% used [0x00000000ebf80000,0x00000000ebf80000,0x00000000ec400000)
 ParOldGen       total 91136K, used 64609K [0x00000000c0000000, 0x00000000c5900000, 0x00000000eab00000)
  object space 91136K, 70% used [0x00000000c0000000,0x00000000c3f18670,0x00000000c5900000)
 Metaspace       used 69422K, committed 70528K, reserved 1114112K
  class space    used 7015K, committed 7552K, reserved 1048576K
}
Event: 51.883 GC heap after
{Heap after GC invocations=63 (full 5):
 PSYoungGen      total 16896K, used 256K [0x00000000eab00000, 0x00000000ec000000, 0x0000000100000000)
  eden space 16384K, 0% used [0x00000000eab00000,0x00000000eab00000,0x00000000ebb00000)
  from space 512K, 50% used [0x00000000ebf80000,0x00000000ebfc0000,0x00000000ec000000)
  to   space 1536K, 0% used [0x00000000ebd00000,0x00000000ebd00000,0x00000000ebe80000)
 ParOldGen       total 91136K, used 64617K [0x00000000c0000000, 0x00000000c5900000, 0x00000000eab00000)
  object space 91136K, 70% used [0x00000000c0000000,0x00000000c3f1a670,0x00000000c5900000)
 Metaspace       used 69422K, committed 70528K, reserved 1114112K
  class space    used 7015K, committed 7552K, reserved 1048576K
}
Event: 52.013 GC heap before
{Heap before GC invocations=64 (full 5):
 PSYoungGen      total 16896K, used 16640K [0x00000000eab00000, 0x00000000ec000000, 0x0000000100000000)
  eden space 16384K, 100% used [0x00000000eab00000,0x00000000ebb00000,0x00000000ebb00000)
  from space 512K, 50% used [0x00000000ebf80000,0x00000000ebfc0000,0x00000000ec000000)
  to   space 1536K, 0% used [0x00000000ebd00000,0x00000000ebd00000,0x00000000ebe80000)
 ParOldGen       total 91136K, used 64617K [0x00000000c0000000, 0x00000000c5900000, 0x00000000eab00000)
  object space 91136K, 70% used [0x00000000c0000000,0x00000000c3f1a670,0x00000000c5900000)
 Metaspace       used 69434K, committed 70528K, reserved 1114112K
  class space    used 7015K, committed 7552K, reserved 1048576K
}
Event: 52.014 GC heap after
{Heap after GC invocations=64 (full 5):
 PSYoungGen      total 17920K, used 256K [0x00000000eab00000, 0x00000000ec000000, 0x0000000100000000)
  eden space 16384K, 0% used [0x00000000eab00000,0x00000000eab00000,0x00000000ebb00000)
  from space 1536K, 16% used [0x00000000ebd00000,0x00000000ebd40000,0x00000000ebe80000)
  to   space 512K, 0% used [0x00000000ebf80000,0x00000000ebf80000,0x00000000ec000000)
 ParOldGen       total 91136K, used 64617K [0x00000000c0000000, 0x00000000c5900000, 0x00000000eab00000)
  object space 91136K, 70% used [0x00000000c0000000,0x00000000c3f1a670,0x00000000c5900000)
 Metaspace       used 69434K, committed 70528K, reserved 1114112K
  class space    used 7015K, committed 7552K, reserved 1048576K
}
Event: 52.042 GC heap before
{Heap before GC invocations=65 (full 5):
 PSYoungGen      total 17920K, used 16640K [0x00000000eab00000, 0x00000000ec000000, 0x0000000100000000)
  eden space 16384K, 100% used [0x00000000eab00000,0x00000000ebb00000,0x00000000ebb00000)
  from space 1536K, 16% used [0x00000000ebd00000,0x00000000ebd40000,0x00000000ebe80000)
  to   space 512K, 0% used [0x00000000ebf80000,0x00000000ebf80000,0x00000000ec000000)
 ParOldGen       total 91136K, used 64617K [0x00000000c0000000, 0x00000000c5900000, 0x00000000eab00000)
  object space 91136K, 70% used [0x00000000c0000000,0x00000000c3f1a670,0x00000000c5900000)
 Metaspace       used 69435K, committed 70528K, reserved 1114112K
  class space    used 7015K, committed 7552K, reserved 1048576K
}
Event: 52.043 GC heap after
{Heap after GC invocations=65 (full 5):
 PSYoungGen      total 16896K, used 256K [0x00000000eab00000, 0x00000000ec000000, 0x0000000100000000)
  eden space 16384K, 0% used [0x00000000eab00000,0x00000000eab00000,0x00000000ebb00000)
  from space 512K, 50% used [0x00000000ebf80000,0x00000000ebfc0000,0x00000000ec000000)
  to   space 512K, 0% used [0x00000000ebf00000,0x00000000ebf00000,0x00000000ebf80000)
 ParOldGen       total 91136K, used 64625K [0x00000000c0000000, 0x00000000c5900000, 0x00000000eab00000)
  object space 91136K, 70% used [0x00000000c0000000,0x00000000c3f1c670,0x00000000c5900000)
 Metaspace       used 69435K, committed 70528K, reserved 1114112K
  class space    used 7015K, committed 7552K, reserved 1048576K
}
Event: 52.241 GC heap before
{Heap before GC invocations=66 (full 5):
 PSYoungGen      total 16896K, used 16632K [0x00000000eab00000, 0x00000000ec000000, 0x0000000100000000)
  eden space 16384K, 99% used [0x00000000eab00000,0x00000000ebafe210,0x00000000ebb00000)
  from space 512K, 50% used [0x00000000ebf80000,0x00000000ebfc0000,0x00000000ec000000)
  to   space 512K, 0% used [0x00000000ebf00000,0x00000000ebf00000,0x00000000ebf80000)
 ParOldGen       total 91136K, used 64625K [0x00000000c0000000, 0x00000000c5900000, 0x00000000eab00000)
  object space 91136K, 70% used [0x00000000c0000000,0x00000000c3f1c670,0x00000000c5900000)
 Metaspace       used 69901K, committed 71040K, reserved 1114112K
  class space    used 7051K, committed 7616K, reserved 1048576K
}
Event: 52.242 GC heap after
{Heap after GC invocations=66 (full 5):
 PSYoungGen      total 16896K, used 416K [0x00000000eab00000, 0x00000000ec000000, 0x0000000100000000)
  eden space 16384K, 0% used [0x00000000eab00000,0x00000000eab00000,0x00000000ebb00000)
  from space 512K, 81% used [0x00000000ebf00000,0x00000000ebf68000,0x00000000ebf80000)
  to   space 512K, 0% used [0x00000000ebf80000,0x00000000ebf80000,0x00000000ec000000)
 ParOldGen       total 91136K, used 64889K [0x00000000c0000000, 0x00000000c5900000, 0x00000000eab00000)
  object space 91136K, 71% used [0x00000000c0000000,0x00000000c3f5e688,0x00000000c5900000)
 Metaspace       used 69901K, committed 71040K, reserved 1114112K
  class space    used 7051K, committed 7616K, reserved 1048576K
}
Event: 52.317 GC heap before
{Heap before GC invocations=67 (full 5):
 PSYoungGen      total 16896K, used 16800K [0x00000000eab00000, 0x00000000ec000000, 0x0000000100000000)
  eden space 16384K, 100% used [0x00000000eab00000,0x00000000ebb00000,0x00000000ebb00000)
  from space 512K, 81% used [0x00000000ebf00000,0x00000000ebf68000,0x00000000ebf80000)
  to   space 512K, 0% used [0x00000000ebf80000,0x00000000ebf80000,0x00000000ec000000)
 ParOldGen       total 91136K, used 64889K [0x00000000c0000000, 0x00000000c5900000, 0x00000000eab00000)
  object space 91136K, 71% used [0x00000000c0000000,0x00000000c3f5e688,0x00000000c5900000)
 Metaspace       used 70611K, committed 71680K, reserved 1114112K
  class space    used 7156K, committed 7680K, reserved 1048576K
}
Event: 52.318 GC heap after
{Heap after GC invocations=67 (full 5):
 PSYoungGen      total 16896K, used 496K [0x00000000eab00000, 0x00000000ec000000, 0x0000000100000000)
  eden space 16384K, 0% used [0x00000000eab00000,0x00000000eab00000,0x00000000ebb00000)
  from space 512K, 96% used [0x00000000ebf80000,0x00000000ebffc020,0x00000000ec000000)
  to   space 1024K, 0% used [0x00000000ebe00000,0x00000000ebe00000,0x00000000ebf00000)
 ParOldGen       total 91136K, used 64945K [0x00000000c0000000, 0x00000000c5900000, 0x00000000eab00000)
  object space 91136K, 71% used [0x00000000c0000000,0x00000000c3f6c688,0x00000000c5900000)
 Metaspace       used 70611K, committed 71680K, reserved 1114112K
  class space    used 7156K, committed 7680K, reserved 1048576K
}
Event: 54.943 GC heap before
{Heap before GC invocations=68 (full 5):
 PSYoungGen      total 16896K, used 16880K [0x00000000eab00000, 0x00000000ec000000, 0x0000000100000000)
  eden space 16384K, 100% used [0x00000000eab00000,0x00000000ebb00000,0x00000000ebb00000)
  from space 512K, 96% used [0x00000000ebf80000,0x00000000ebffc020,0x00000000ec000000)
  to   space 1024K, 0% used [0x00000000ebe00000,0x00000000ebe00000,0x00000000ebf00000)
 ParOldGen       total 91136K, used 64945K [0x00000000c0000000, 0x00000000c5900000, 0x00000000eab00000)
  object space 91136K, 71% used [0x00000000c0000000,0x00000000c3f6c688,0x00000000c5900000)
 Metaspace       used 71824K, committed 73024K, reserved 1114112K
  class space    used 7322K, committed 7936K, reserved 1048576K
}
Event: 54.945 GC heap after
{Heap after GC invocations=68 (full 5):
 PSYoungGen      total 17408K, used 992K [0x00000000eab00000, 0x00000000ec000000, 0x0000000100000000)
  eden space 16384K, 0% used [0x00000000eab00000,0x00000000eab00000,0x00000000ebb00000)
  from space 1024K, 96% used [0x00000000ebe00000,0x00000000ebef8010,0x00000000ebf00000)
  to   space 1024K, 0% used [0x00000000ebf00000,0x00000000ebf00000,0x00000000ec000000)
 ParOldGen       total 91136K, used 65361K [0x00000000c0000000, 0x00000000c5900000, 0x00000000eab00000)
  object space 91136K, 71% used [0x00000000c0000000,0x00000000c3fd4688,0x00000000c5900000)
 Metaspace       used 71824K, committed 73024K, reserved 1114112K
  class space    used 7322K, committed 7936K, reserved 1048576K
}
Event: 59.031 GC heap before
{Heap before GC invocations=69 (full 5):
 PSYoungGen      total 17408K, used 17376K [0x00000000eab00000, 0x00000000ec000000, 0x0000000100000000)
  eden space 16384K, 100% used [0x00000000eab00000,0x00000000ebb00000,0x00000000ebb00000)
  from space 1024K, 96% used [0x00000000ebe00000,0x00000000ebef8010,0x00000000ebf00000)
  to   space 1024K, 0% used [0x00000000ebf00000,0x00000000ebf00000,0x00000000ec000000)
 ParOldGen       total 91136K, used 65361K [0x00000000c0000000, 0x00000000c5900000, 0x00000000eab00000)
  object space 91136K, 71% used [0x00000000c0000000,0x00000000c3fd4688,0x00000000c5900000)
 Metaspace       used 72337K, committed 73472K, reserved 1122304K
  class space    used 7362K, committed 7936K, reserved 1048576K
}
Event: 59.034 GC heap after
{Heap after GC invocations=69 (full 5):
 PSYoungGen      total 17408K, used 993K [0x00000000eab00000, 0x00000000ec000000, 0x0000000100000000)
  eden space 16384K, 0% used [0x00000000eab00000,0x00000000eab00000,0x00000000ebb00000)
  from space 1024K, 96% used [0x00000000ebf00000,0x00000000ebff8518,0x00000000ec000000)
  to   space 2560K, 0% used [0x00000000ebb00000,0x00000000ebb00000,0x00000000ebd80000)
 ParOldGen       total 91136K, used 66460K [0x00000000c0000000, 0x00000000c5900000, 0x00000000eab00000)
  object space 91136K, 72% used [0x00000000c0000000,0x00000000c40e7028,0x00000000c5900000)
 Metaspace       used 72337K, committed 73472K, reserved 1122304K
  class space    used 7362K, committed 7936K, reserved 1048576K
}
Event: 60.746 GC heap before
{Heap before GC invocations=70 (full 5):
 PSYoungGen      total 17408K, used 17377K [0x00000000eab00000, 0x00000000ec000000, 0x0000000100000000)
  eden space 16384K, 100% used [0x00000000eab00000,0x00000000ebb00000,0x00000000ebb00000)
  from space 1024K, 96% used [0x00000000ebf00000,0x00000000ebff8518,0x00000000ec000000)
  to   space 2560K, 0% used [0x00000000ebb00000,0x00000000ebb00000,0x00000000ebd80000)
 ParOldGen       total 91136K, used 66460K [0x00000000c0000000, 0x00000000c5900000, 0x00000000eab00000)
  object space 91136K, 72% used [0x00000000c0000000,0x00000000c40e7028,0x00000000c5900000)
 Metaspace       used 72612K, committed 73856K, reserved 1122304K
  class space    used 7383K, committed 8000K, reserved 1048576K
}
Event: 60.750 GC heap after
{Heap after GC invocations=70 (full 5):
 PSYoungGen      total 18944K, used 2542K [0x00000000eab00000, 0x00000000ec400000, 0x0000000100000000)
  eden space 16384K, 0% used [0x00000000eab00000,0x00000000eab00000,0x00000000ebb00000)
  from space 2560K, 99% used [0x00000000ebb00000,0x00000000ebd7b908,0x00000000ebd80000)
  to   space 4608K, 0% used [0x00000000ebf80000,0x00000000ebf80000,0x00000000ec400000)
 ParOldGen       total 91136K, used 68061K [0x00000000c0000000, 0x00000000c5900000, 0x00000000eab00000)
  object space 91136K, 74% used [0x00000000c0000000,0x00000000c4277650,0x00000000c5900000)
 Metaspace       used 72612K, committed 73856K, reserved 1122304K
  class space    used 7383K, committed 8000K, reserved 1048576K
}

