# JRE version: OpenJDK Runtime Environment Temurin-17.0.4+8 (17.0.4+8) (build 17.0.4+8)
# Java VM: OpenJDK 64-Bit Server VM Temurin-17.0.4+8 (17.0.4+8, mixed mode, tiered, compressed oops, compressed class ptrs, parallel gc, windows-amd64)
GC Precious Log:
 CPUs: 8 total, 8 available
 Memory: 16291M
 Large Page Support: Disabled
 NUMA Support: Disabled
 Compressed Oops: Enabled (32-bit)
 Alignments: Space 512K, Generation 512K, Heap 2M
 Heap Min Capacity: 100M
 Heap Initial Capacity: 100M
 Heap Max Capacity: 1G
 Pre-touch: Disabled
 Parallel Workers: 8
Heap:
 PSYoungGen      total 3072K, used 2584K [0x00000000eab00000, 0x00000000eb100000, 0x0000000100000000)
  eden space 2560K, 82% used [0x00000000eab00000,0x00000000ead0e3d0,0x00000000ead80000)
  from space 512K, 93% used [0x00000000eb000000,0x00000000eb078010,0x00000000eb080000)
  to   space 512K, 0% used [0x00000000eb080000,0x00000000eb080000,0x00000000eb100000)
 ParOldGen       total 318976K, used 293719K [0x00000000c0000000, 0x00000000d3780000, 0x00000000eab00000)
  object space 318976K, 92% used [0x00000000c0000000,0x00000000d1ed5f18,0x00000000d3780000)
 Metaspace       used 106675K, committed 107968K, reserved 1146880K
  class space    used 10895K, committed 11520K, reserved 1048576K
GC Heap History (20 events):
Event: 22843.732 GC heap before
{Heap before GC invocations=19420 (full 342):
 PSYoungGen      total 2560K, used 2548K [0x00000000eab00000, 0x00000000eb700000, 0x0000000100000000)
  eden space 2048K, 99% used [0x00000000eab00000,0x00000000eacfffe8,0x00000000ead00000)
  from space 512K, 97% used [0x00000000eae00000,0x00000000eae7d200,0x00000000eae80000)
  to   space 5120K, 0% used [0x00000000eb200000,0x00000000eb200000,0x00000000eb700000)
 ParOldGen       total 318976K, used 288131K [0x00000000c0000000, 0x00000000d3780000, 0x00000000eab00000)
  object space 318976K, 90% used [0x00000000c0000000,0x00000000d1960d40,0x00000000d3780000)
 Metaspace       used 106675K, committed 107968K, reserved 1146880K
  class space    used 10895K, committed 11520K, reserved 1048576K
}
Event: 22843.739 GC heap after
{Heap after GC invocations=19420 (full 342):
 PSYoungGen      total 3584K, used 1310K [0x00000000eab00000, 0x00000000eb380000, 0x0000000100000000)
  eden space 2048K, 0% used [0x00000000eab00000,0x00000000eab00000,0x00000000ead00000)
  from space 1536K, 85% used [0x00000000eb200000,0x00000000eb347928,0x00000000eb380000)
  to   space 2560K, 0% used [0x00000000eae80000,0x00000000eae80000,0x00000000eb100000)
 ParOldGen       total 318976K, used 288580K [0x00000000c0000000, 0x00000000d3780000, 0x00000000eab00000)
  object space 318976K, 90% used [0x00000000c0000000,0x00000000d19d1150,0x00000000d3780000)
 Metaspace       used 106675K, committed 107968K, reserved 1146880K
  class space    used 10895K, committed 11520K, reserved 1048576K
}
Event: 22843.773 GC heap before
{Heap before GC invocations=19421 (full 342):
 PSYoungGen      total 3584K, used 3358K [0x00000000eab00000, 0x00000000eb380000, 0x0000000100000000)
  eden space 2048K, 100% used [0x00000000eab00000,0x00000000ead00000,0x00000000ead00000)
  from space 1536K, 85% used [0x00000000eb200000,0x00000000eb347928,0x00000000eb380000)
  to   space 2560K, 0% used [0x00000000eae80000,0x00000000eae80000,0x00000000eb100000)
 ParOldGen       total 318976K, used 288580K [0x00000000c0000000, 0x00000000d3780000, 0x00000000eab00000)
  object space 318976K, 90% used [0x00000000c0000000,0x00000000d19d1150,0x00000000d3780000)
 Metaspace       used 106675K, committed 107968K, reserved 1146880K
  class space    used 10895K, committed 11520K, reserved 1048576K
}
Event: 22843.785 GC heap after
{Heap after GC invocations=19421 (full 342):
 PSYoungGen      total 4608K, used 497K [0x00000000eab00000, 0x00000000eb280000, 0x0000000100000000)
  eden space 2048K, 0% used [0x00000000eab00000,0x00000000eab00000,0x00000000ead00000)
  from space 2560K, 19% used [0x00000000eae80000,0x00000000eaefc718,0x00000000eb100000)
  to   space 1024K, 0% used [0x00000000eb180000,0x00000000eb180000,0x00000000eb280000)
 ParOldGen       total 318976K, used 289855K [0x00000000c0000000, 0x00000000d3780000, 0x00000000eab00000)
  object space 318976K, 90% used [0x00000000c0000000,0x00000000d1b0fcc8,0x00000000d3780000)
 Metaspace       used 106675K, committed 107968K, reserved 1146880K
  class space    used 10895K, committed 11520K, reserved 1048576K
}
Event: 22843.857 GC heap before
{Heap before GC invocations=19422 (full 342):
 PSYoungGen      total 4608K, used 2545K [0x00000000eab00000, 0x00000000eb280000, 0x0000000100000000)
  eden space 2048K, 100% used [0x00000000eab00000,0x00000000ead00000,0x00000000ead00000)
  from space 2560K, 19% used [0x00000000eae80000,0x00000000eaefc718,0x00000000eb100000)
  to   space 1024K, 0% used [0x00000000eb180000,0x00000000eb180000,0x00000000eb280000)
 ParOldGen       total 318976K, used 289855K [0x00000000c0000000, 0x00000000d3780000, 0x00000000eab00000)
  object space 318976K, 90% used [0x00000000c0000000,0x00000000d1b0fcc8,0x00000000d3780000)
 Metaspace       used 106675K, committed 107968K, reserved 1146880K
  class space    used 10895K, committed 11520K, reserved 1048576K
}
Event: 22843.862 GC heap after
{Heap after GC invocations=19422 (full 342):
 PSYoungGen      total 3072K, used 704K [0x00000000eab00000, 0x00000000eb280000, 0x0000000100000000)
  eden space 2048K, 0% used [0x00000000eab00000,0x00000000eab00000,0x00000000ead00000)
  from space 1024K, 68% used [0x00000000eb180000,0x00000000eb230020,0x00000000eb280000)
  to   space 1024K, 0% used [0x00000000eb080000,0x00000000eb080000,0x00000000eb180000)
 ParOldGen       total 318976K, used 290218K [0x00000000c0000000, 0x00000000d3780000, 0x00000000eab00000)
  object space 318976K, 90% used [0x00000000c0000000,0x00000000d1b6aad8,0x00000000d3780000)
 Metaspace       used 106675K, committed 107968K, reserved 1146880K
  class space    used 10895K, committed 11520K, reserved 1048576K
}
Event: 22843.914 GC heap before
{Heap before GC invocations=19423 (full 342):
 PSYoungGen      total 3072K, used 2752K [0x00000000eab00000, 0x00000000eb280000, 0x0000000100000000)
  eden space 2048K, 100% used [0x00000000eab00000,0x00000000ead00000,0x00000000ead00000)
  from space 1024K, 68% used [0x00000000eb180000,0x00000000eb230020,0x00000000eb280000)
  to   space 1024K, 0% used [0x00000000eb080000,0x00000000eb080000,0x00000000eb180000)
 ParOldGen       total 318976K, used 290218K [0x00000000c0000000, 0x00000000d3780000, 0x00000000eab00000)
  object space 318976K, 90% used [0x00000000c0000000,0x00000000d1b6aad8,0x00000000d3780000)
 Metaspace       used 106675K, committed 107968K, reserved 1146880K
  class space    used 10895K, committed 11520K, reserved 1048576K
}
Event: 22843.920 GC heap after
{Heap after GC invocations=19423 (full 342):
 PSYoungGen      total 3072K, used 736K [0x00000000eab00000, 0x00000000eb200000, 0x0000000100000000)
  eden space 2048K, 0% used [0x00000000eab00000,0x00000000eab00000,0x00000000ead00000)
  from space 1024K, 71% used [0x00000000eb080000,0x00000000eb138000,0x00000000eb180000)
  to   space 512K, 0% used [0x00000000eb180000,0x00000000eb180000,0x00000000eb200000)
 ParOldGen       total 318976K, used 290794K [0x00000000c0000000, 0x00000000d3780000, 0x00000000eab00000)
  object space 318976K, 91% used [0x00000000c0000000,0x00000000d1bfaaf8,0x00000000d3780000)
 Metaspace       used 106675K, committed 107968K, reserved 1146880K
  class space    used 10895K, committed 11520K, reserved 1048576K
}
Event: 22843.981 GC heap before
{Heap before GC invocations=19424 (full 342):
 PSYoungGen      total 3072K, used 2784K [0x00000000eab00000, 0x00000000eb200000, 0x0000000100000000)
  eden space 2048K, 100% used [0x00000000eab00000,0x00000000ead00000,0x00000000ead00000)
  from space 1024K, 71% used [0x00000000eb080000,0x00000000eb138000,0x00000000eb180000)
  to   space 512K, 0% used [0x00000000eb180000,0x00000000eb180000,0x00000000eb200000)
 ParOldGen       total 318976K, used 290794K [0x00000000c0000000, 0x00000000d3780000, 0x00000000eab00000)
  object space 318976K, 91% used [0x00000000c0000000,0x00000000d1bfaaf8,0x00000000d3780000)
 Metaspace       used 106675K, committed 107968K, reserved 1146880K
  class space    used 10895K, committed 11520K, reserved 1048576K
}
Event: 22843.992 GC heap after
{Heap after GC invocations=19424 (full 342):
 PSYoungGen      total 2560K, used 480K [0x00000000eab00000, 0x00000000eb200000, 0x0000000100000000)
  eden space 2048K, 0% used [0x00000000eab00000,0x00000000eab00000,0x00000000ead00000)
  from space 512K, 93% used [0x00000000eb180000,0x00000000eb1f8020,0x00000000eb200000)
  to   space 2048K, 0% used [0x00000000eae00000,0x00000000eae00000,0x00000000eb000000)
 ParOldGen       total 318976K, used 291770K [0x00000000c0000000, 0x00000000d3780000, 0x00000000eab00000)
  object space 318976K, 91% used [0x00000000c0000000,0x00000000d1ceeb08,0x00000000d3780000)
 Metaspace       used 106675K, committed 107968K, reserved 1146880K
  class space    used 10895K, committed 11520K, reserved 1048576K
}
Event: 22843.998 GC heap before
{Heap before GC invocations=19425 (full 342):
 PSYoungGen      total 2560K, used 2528K [0x00000000eab00000, 0x00000000eb200000, 0x0000000100000000)
  eden space 2048K, 100% used [0x00000000eab00000,0x00000000ead00000,0x00000000ead00000)
  from space 512K, 93% used [0x00000000eb180000,0x00000000eb1f8020,0x00000000eb200000)
  to   space 2048K, 0% used [0x00000000eae00000,0x00000000eae00000,0x00000000eb000000)
 ParOldGen       total 318976K, used 291770K [0x00000000c0000000, 0x00000000d3780000, 0x00000000eab00000)
  object space 318976K, 91% used [0x00000000c0000000,0x00000000d1ceeb08,0x00000000d3780000)
 Metaspace       used 106675K, committed 107968K, reserved 1146880K
  class space    used 10895K, committed 11520K, reserved 1048576K
}
Event: 22844.004 GC heap after
{Heap after GC invocations=19425 (full 342):
 PSYoungGen      total 4608K, used 864K [0x00000000eab00000, 0x00000000eb200000, 0x0000000100000000)
  eden space 2560K, 0% used [0x00000000eab00000,0x00000000eab00000,0x00000000ead80000)
  from space 2048K, 42% used [0x00000000eae00000,0x00000000eaed8030,0x00000000eb000000)
  to   space 1536K, 0% used [0x00000000eb080000,0x00000000eb080000,0x00000000eb200000)
 ParOldGen       total 318976K, used 292282K [0x00000000c0000000, 0x00000000d3780000, 0x00000000eab00000)
  object space 318976K, 91% used [0x00000000c0000000,0x00000000d1d6eb28,0x00000000d3780000)
 Metaspace       used 106675K, committed 107968K, reserved 1146880K
  class space    used 10895K, committed 11520K, reserved 1048576K
}
Event: 22844.068 GC heap before
{Heap before GC invocations=19426 (full 342):
 PSYoungGen      total 4608K, used 3424K [0x00000000eab00000, 0x00000000eb200000, 0x0000000100000000)
  eden space 2560K, 100% used [0x00000000eab00000,0x00000000ead80000,0x00000000ead80000)
  from space 2048K, 42% used [0x00000000eae00000,0x00000000eaed8030,0x00000000eb000000)
  to   space 1536K, 0% used [0x00000000eb080000,0x00000000eb080000,0x00000000eb200000)
 ParOldGen       total 318976K, used 292282K [0x00000000c0000000, 0x00000000d3780000, 0x00000000eab00000)
  object space 318976K, 91% used [0x00000000c0000000,0x00000000d1d6eb28,0x00000000d3780000)
 Metaspace       used 106675K, committed 107968K, reserved 1146880K
  class space    used 10895K, committed 11520K, reserved 1048576K
}
Event: 22844.074 GC heap after
{Heap after GC invocations=19426 (full 342):
 PSYoungGen      total 3072K, used 480K [0x00000000eab00000, 0x00000000eb100000, 0x0000000100000000)
  eden space 2560K, 0% used [0x00000000eab00000,0x00000000eab00000,0x00000000ead80000)
  from space 512K, 93% used [0x00000000eb080000,0x00000000eb0f8000,0x00000000eb100000)
  to   space 1024K, 0% used [0x00000000eaf00000,0x00000000eaf00000,0x00000000eb000000)
 ParOldGen       total 318976K, used 292994K [0x00000000c0000000, 0x00000000d3780000, 0x00000000eab00000)
  object space 318976K, 91% used [0x00000000c0000000,0x00000000d1e20b58,0x00000000d3780000)
 Metaspace       used 106675K, committed 107968K, reserved 1146880K
  class space    used 10895K, committed 11520K, reserved 1048576K
}
Event: 22844.319 GC heap before
{Heap before GC invocations=19427 (full 342):
 PSYoungGen      total 3072K, used 3040K [0x00000000eab00000, 0x00000000eb100000, 0x0000000100000000)
  eden space 2560K, 100% used [0x00000000eab00000,0x00000000ead80000,0x00000000ead80000)
  from space 512K, 93% used [0x00000000eb080000,0x00000000eb0f8000,0x00000000eb100000)
  to   space 1024K, 0% used [0x00000000eaf00000,0x00000000eaf00000,0x00000000eb000000)
 ParOldGen       total 318976K, used 292994K [0x00000000c0000000, 0x00000000d3780000, 0x00000000eab00000)
  object space 318976K, 91% used [0x00000000c0000000,0x00000000d1e20b58,0x00000000d3780000)
 Metaspace       used 106675K, committed 107968K, reserved 1146880K
  class space    used 10895K, committed 11520K, reserved 1048576K
}
Event: 22844.324 GC heap after
{Heap after GC invocations=19427 (full 342):
 PSYoungGen      total 3584K, used 416K [0x00000000eab00000, 0x00000000eb100000, 0x0000000100000000)
  eden space 2560K, 0% used [0x00000000eab00000,0x00000000eab00000,0x00000000ead80000)
  from space 1024K, 40% used [0x00000000eaf00000,0x00000000eaf68000,0x00000000eb000000)
  to   space 512K, 0% used [0x00000000eb080000,0x00000000eb080000,0x00000000eb100000)
 ParOldGen       total 318976K, used 293330K [0x00000000c0000000, 0x00000000d3780000, 0x00000000eab00000)
  object space 318976K, 91% used [0x00000000c0000000,0x00000000d1e74b58,0x00000000d3780000)
 Metaspace       used 106675K, committed 107968K, reserved 1146880K
  class space    used 10895K, committed 11520K, reserved 1048576K
}
Event: 22844.420 GC heap before
{Heap before GC invocations=19428 (full 342):
 PSYoungGen      total 3584K, used 2976K [0x00000000eab00000, 0x00000000eb100000, 0x0000000100000000)
  eden space 2560K, 100% used [0x00000000eab00000,0x00000000ead80000,0x00000000ead80000)
  from space 1024K, 40% used [0x00000000eaf00000,0x00000000eaf68000,0x00000000eb000000)
  to   space 512K, 0% used [0x00000000eb080000,0x00000000eb080000,0x00000000eb100000)
 ParOldGen       total 318976K, used 293330K [0x00000000c0000000, 0x00000000d3780000, 0x00000000eab00000)
  object space 318976K, 91% used [0x00000000c0000000,0x00000000d1e74b58,0x00000000d3780000)
 Metaspace       used 106675K, committed 107968K, reserved 1146880K
  class space    used 10895K, committed 11520K, reserved 1048576K
}
Event: 22844.423 GC heap after
{Heap after GC invocations=19428 (full 342):
 PSYoungGen      total 3072K, used 256K [0x00000000eab00000, 0x00000000eb100000, 0x0000000100000000)
  eden space 2560K, 0% used [0x00000000eab00000,0x00000000eab00000,0x00000000ead80000)
  from space 512K, 50% used [0x00000000eb080000,0x00000000eb0c0000,0x00000000eb100000)
  to   space 512K, 0% used [0x00000000eb000000,0x00000000eb000000,0x00000000eb080000)
 ParOldGen       total 318976K, used 293599K [0x00000000c0000000, 0x00000000d3780000, 0x00000000eab00000)
  object space 318976K, 92% used [0x00000000c0000000,0x00000000d1eb7f18,0x00000000d3780000)
 Metaspace       used 106675K, committed 107968K, reserved 1146880K
  class space    used 10895K, committed 11520K, reserved 1048576K
}
Event: 22844.484 GC heap before
{Heap before GC invocations=19429 (full 342):
 PSYoungGen      total 3072K, used 2754K [0x00000000eab00000, 0x00000000eb100000, 0x0000000100000000)
  eden space 2560K, 97% used [0x00000000eab00000,0x00000000ead70828,0x00000000ead80000)
  from space 512K, 50% used [0x00000000eb080000,0x00000000eb0c0000,0x00000000eb100000)
  to   space 512K, 0% used [0x00000000eb000000,0x00000000eb000000,0x00000000eb080000)
 ParOldGen       total 318976K, used 293599K [0x00000000c0000000, 0x00000000d3780000, 0x00000000eab00000)
  object space 318976K, 92% used [0x00000000c0000000,0x00000000d1eb7f18,0x00000000d3780000)
 Metaspace       used 106675K, committed 107968K, reserved 1146880K
  class space    used 10895K, committed 11520K, reserved 1048576K
}
Event: 22844.486 GC heap after
{Heap after GC invocations=19429 (full 342):
 PSYoungGen      total 3072K, used 480K [0x00000000eab00000, 0x00000000eb100000, 0x0000000100000000)
  eden space 2560K, 0% used [0x00000000eab00000,0x00000000eab00000,0x00000000ead80000)
  from space 512K, 93% used [0x00000000eb000000,0x00000000eb078010,0x00000000eb080000)
  to   space 512K, 0% used [0x00000000eb080000,0x00000000eb080000,0x00000000eb100000)
 ParOldGen       total 318976K, used 293719K [0x00000000c0000000, 0x00000000d3780000, 0x00000000eab00000)
  object space 318976K, 92% used [0x00000000c0000000,0x00000000d1ed5f18,0x00000000d3780000)
 Metaspace       used 106675K, committed 107968K, reserved 1146880K
  class space    used 10895K, committed 11520K, reserved 1048576K
}

